{"level":"info","message":"Loaded email template: passwordResetSuccess","timestamp":"2024-11-02T13:39:26.084Z"}
{"level":"info","message":"Loaded email template: passwordUpdateSuccess","timestamp":"2024-11-02T13:39:26.098Z"}
{"level":"info","message":"Loaded email template: resetPassword","timestamp":"2024-11-02T13:39:26.099Z"}
{"level":"info","message":"Loaded email template: verifyEmail","timestamp":"2024-11-02T13:39:26.100Z"}
{"level":"info","message":"Loaded email template: welcome","timestamp":"2024-11-02T13:39:26.101Z"}
{"level":"info","message":"Connected to MongoDB","timestamp":"2024-11-02T13:39:26.954Z"}
{"level":"info","message":"Server running on port 5000","timestamp":"2024-11-02T13:39:26.961Z"}
{"level":"info","message":"Connected to MongoDB","timestamp":"2024-11-02T13:39:27.724Z"}
{"code":"EAUTH","command":"API","level":"error","message":"Failed to create email transporter: Missing credentials for \"PLAIN\"","stack":"Error: Missing credentials for \"PLAIN\"\n    at SMTPConnection._formatError (C:\\Users\\saved\\OneDrive\\Documents\\PROJECTS 101\\cop-abudhabi\\backend\\node_modules\\nodemailer\\lib\\smtp-connection\\index.js:807:19)\n    at SMTPConnection.login (C:\\Users\\saved\\OneDrive\\Documents\\PROJECTS 101\\cop-abudhabi\\backend\\node_modules\\nodemailer\\lib\\smtp-connection\\index.js:452:38)\n    at C:\\Users\\saved\\OneDrive\\Documents\\PROJECTS 101\\cop-abudhabi\\backend\\node_modules\\nodemailer\\lib\\smtp-transport\\index.js:375:32\n    at SMTPConnection.<anonymous> (C:\\Users\\saved\\OneDrive\\Documents\\PROJECTS 101\\cop-abudhabi\\backend\\node_modules\\nodemailer\\lib\\smtp-connection\\index.js:215:17)\n    at Object.onceWrapper (node:events:633:28)\n    at SMTPConnection.emit (node:events:519:28)\n    at SMTPConnection.emit (node:domain:488:12)\n    at SMTPConnection._actionEHLO (C:\\Users\\saved\\OneDrive\\Documents\\PROJECTS 101\\cop-abudhabi\\backend\\node_modules\\nodemailer\\lib\\smtp-connection\\index.js:1369:14)\n    at SMTPConnection._processResponse (C:\\Users\\saved\\OneDrive\\Documents\\PROJECTS 101\\cop-abudhabi\\backend\\node_modules\\nodemailer\\lib\\smtp-connection\\index.js:991:20)\n    at SMTPConnection._onData (C:\\Users\\saved\\OneDrive\\Documents\\PROJECTS 101\\cop-abudhabi\\backend\\node_modules\\nodemailer\\lib\\smtp-connection\\index.js:772:14)","timestamp":"2024-11-02T13:39:28.856Z"}
{"level":"error","message":"Email service initialization attempt 1 failed:","timestamp":"2024-11-02T13:39:28.858Z"}
{"level":"info","message":"Retrying initialization in 1000ms...","timestamp":"2024-11-02T13:39:28.859Z"}
{"level":"info","message":"Loaded email template: passwordResetSuccess","timestamp":"2024-11-02T13:39:29.867Z"}
{"level":"info","message":"Loaded email template: passwordUpdateSuccess","timestamp":"2024-11-02T13:39:29.867Z"}
{"level":"info","message":"Loaded email template: resetPassword","timestamp":"2024-11-02T13:39:29.869Z"}
{"level":"info","message":"Loaded email template: verifyEmail","timestamp":"2024-11-02T13:39:29.869Z"}
{"level":"info","message":"Loaded email template: welcome","timestamp":"2024-11-02T13:39:29.869Z"}
{"code":"EAUTH","command":"API","level":"error","message":"Failed to create email transporter: Missing credentials for \"PLAIN\"","stack":"Error: Missing credentials for \"PLAIN\"\n    at SMTPConnection._formatError (C:\\Users\\saved\\OneDrive\\Documents\\PROJECTS 101\\cop-abudhabi\\backend\\node_modules\\nodemailer\\lib\\smtp-connection\\index.js:807:19)\n    at SMTPConnection.login (C:\\Users\\saved\\OneDrive\\Documents\\PROJECTS 101\\cop-abudhabi\\backend\\node_modules\\nodemailer\\lib\\smtp-connection\\index.js:452:38)\n    at C:\\Users\\saved\\OneDrive\\Documents\\PROJECTS 101\\cop-abudhabi\\backend\\node_modules\\nodemailer\\lib\\smtp-transport\\index.js:375:32\n    at SMTPConnection.<anonymous> (C:\\Users\\saved\\OneDrive\\Documents\\PROJECTS 101\\cop-abudhabi\\backend\\node_modules\\nodemailer\\lib\\smtp-connection\\index.js:215:17)\n    at Object.onceWrapper (node:events:633:28)\n    at SMTPConnection.emit (node:events:519:28)\n    at SMTPConnection.emit (node:domain:488:12)\n    at SMTPConnection._actionEHLO (C:\\Users\\saved\\OneDrive\\Documents\\PROJECTS 101\\cop-abudhabi\\backend\\node_modules\\nodemailer\\lib\\smtp-connection\\index.js:1369:14)\n    at SMTPConnection._processResponse (C:\\Users\\saved\\OneDrive\\Documents\\PROJECTS 101\\cop-abudhabi\\backend\\node_modules\\nodemailer\\lib\\smtp-connection\\index.js:991:20)\n    at SMTPConnection._onData (C:\\Users\\saved\\OneDrive\\Documents\\PROJECTS 101\\cop-abudhabi\\backend\\node_modules\\nodemailer\\lib\\smtp-connection\\index.js:772:14)","timestamp":"2024-11-02T13:39:31.475Z"}
{"level":"error","message":"Email service initialization attempt 2 failed:","timestamp":"2024-11-02T13:39:31.477Z"}
{"level":"info","message":"Retrying initialization in 2000ms...","timestamp":"2024-11-02T13:39:31.477Z"}
{"level":"info","message":"Loaded email template: passwordResetSuccess","timestamp":"2024-11-02T13:39:33.493Z"}
{"level":"info","message":"Loaded email template: passwordUpdateSuccess","timestamp":"2024-11-02T13:39:33.494Z"}
{"level":"info","message":"Loaded email template: resetPassword","timestamp":"2024-11-02T13:39:33.494Z"}
{"level":"info","message":"Loaded email template: verifyEmail","timestamp":"2024-11-02T13:39:33.495Z"}
{"level":"info","message":"Loaded email template: welcome","timestamp":"2024-11-02T13:39:33.495Z"}
{"code":"EAUTH","command":"API","level":"error","message":"Failed to create email transporter: Missing credentials for \"PLAIN\"","stack":"Error: Missing credentials for \"PLAIN\"\n    at SMTPConnection._formatError (C:\\Users\\saved\\OneDrive\\Documents\\PROJECTS 101\\cop-abudhabi\\backend\\node_modules\\nodemailer\\lib\\smtp-connection\\index.js:807:19)\n    at SMTPConnection.login (C:\\Users\\saved\\OneDrive\\Documents\\PROJECTS 101\\cop-abudhabi\\backend\\node_modules\\nodemailer\\lib\\smtp-connection\\index.js:452:38)\n    at C:\\Users\\saved\\OneDrive\\Documents\\PROJECTS 101\\cop-abudhabi\\backend\\node_modules\\nodemailer\\lib\\smtp-transport\\index.js:375:32\n    at SMTPConnection.<anonymous> (C:\\Users\\saved\\OneDrive\\Documents\\PROJECTS 101\\cop-abudhabi\\backend\\node_modules\\nodemailer\\lib\\smtp-connection\\index.js:215:17)\n    at Object.onceWrapper (node:events:633:28)\n    at SMTPConnection.emit (node:events:519:28)\n    at SMTPConnection.emit (node:domain:488:12)\n    at SMTPConnection._actionEHLO (C:\\Users\\saved\\OneDrive\\Documents\\PROJECTS 101\\cop-abudhabi\\backend\\node_modules\\nodemailer\\lib\\smtp-connection\\index.js:1369:14)\n    at SMTPConnection._processResponse (C:\\Users\\saved\\OneDrive\\Documents\\PROJECTS 101\\cop-abudhabi\\backend\\node_modules\\nodemailer\\lib\\smtp-connection\\index.js:991:20)\n    at SMTPConnection._onData (C:\\Users\\saved\\OneDrive\\Documents\\PROJECTS 101\\cop-abudhabi\\backend\\node_modules\\nodemailer\\lib\\smtp-connection\\index.js:772:14)","timestamp":"2024-11-02T13:39:35.471Z"}
{"level":"error","message":"Email service initialization attempt 3 failed:","timestamp":"2024-11-02T13:39:35.475Z"}
{"level":"error","message":"Email service initialization failed: Email service initialization failed after multiple attempts","stack":"Error: Email service initialization failed after multiple attempts\n    at EmailService.<anonymous> (C:\\Users\\saved\\OneDrive\\Documents\\PROJECTS 101\\cop-abudhabi\\backend\\src\\services\\emailService.ts:63:13)\n    at Generator.throw (<anonymous>)\n    at rejected (C:\\Users\\saved\\OneDrive\\Documents\\PROJECTS 101\\cop-abudhabi\\backend\\src\\services\\emailService.ts:6:65)\n    at processTicksAndRejections (node:internal/process/task_queues:95:5)","timestamp":"2024-11-02T13:39:35.478Z"}
{"level":"info","message":"Loaded email template: passwordResetSuccess","timestamp":"2024-11-02T13:41:42.425Z"}
{"level":"info","message":"Loaded email template: passwordUpdateSuccess","timestamp":"2024-11-02T13:41:42.445Z"}
{"level":"info","message":"Loaded email template: resetPassword","timestamp":"2024-11-02T13:41:42.446Z"}
{"level":"info","message":"Loaded email template: test","timestamp":"2024-11-02T13:41:42.447Z"}
{"level":"info","message":"Loaded email template: verifyEmail","timestamp":"2024-11-02T13:41:42.449Z"}
{"level":"info","message":"Loaded email template: welcome","timestamp":"2024-11-02T13:41:42.450Z"}
{"level":"info","message":"Connected to MongoDB","timestamp":"2024-11-02T13:41:44.543Z"}
{"level":"info","message":"Server running on port 5000","timestamp":"2024-11-02T13:41:44.557Z"}
{"level":"info","message":"Connected to MongoDB","timestamp":"2024-11-02T13:41:45.419Z"}
{"code":"EAUTH","command":"API","level":"error","message":"Failed to create email transporter: Missing credentials for \"PLAIN\"","stack":"Error: Missing credentials for \"PLAIN\"\n    at SMTPConnection._formatError (C:\\Users\\saved\\OneDrive\\Documents\\PROJECTS 101\\cop-abudhabi\\backend\\node_modules\\nodemailer\\lib\\smtp-connection\\index.js:807:19)\n    at SMTPConnection.login (C:\\Users\\saved\\OneDrive\\Documents\\PROJECTS 101\\cop-abudhabi\\backend\\node_modules\\nodemailer\\lib\\smtp-connection\\index.js:452:38)\n    at C:\\Users\\saved\\OneDrive\\Documents\\PROJECTS 101\\cop-abudhabi\\backend\\node_modules\\nodemailer\\lib\\smtp-transport\\index.js:375:32\n    at SMTPConnection.<anonymous> (C:\\Users\\saved\\OneDrive\\Documents\\PROJECTS 101\\cop-abudhabi\\backend\\node_modules\\nodemailer\\lib\\smtp-connection\\index.js:215:17)\n    at Object.onceWrapper (node:events:633:28)\n    at SMTPConnection.emit (node:events:519:28)\n    at SMTPConnection.emit (node:domain:488:12)\n    at SMTPConnection._actionEHLO (C:\\Users\\saved\\OneDrive\\Documents\\PROJECTS 101\\cop-abudhabi\\backend\\node_modules\\nodemailer\\lib\\smtp-connection\\index.js:1369:14)\n    at SMTPConnection._processResponse (C:\\Users\\saved\\OneDrive\\Documents\\PROJECTS 101\\cop-abudhabi\\backend\\node_modules\\nodemailer\\lib\\smtp-connection\\index.js:991:20)\n    at SMTPConnection._onData (C:\\Users\\saved\\OneDrive\\Documents\\PROJECTS 101\\cop-abudhabi\\backend\\node_modules\\nodemailer\\lib\\smtp-connection\\index.js:772:14)","timestamp":"2024-11-02T13:41:46.495Z"}
{"level":"error","message":"Email service initialization attempt 1 failed:","timestamp":"2024-11-02T13:41:46.498Z"}
{"level":"info","message":"Retrying initialization in 1000ms...","timestamp":"2024-11-02T13:41:46.499Z"}
{"level":"info","message":"Loaded email template: passwordResetSuccess","timestamp":"2024-11-02T13:41:47.502Z"}
{"level":"info","message":"Loaded email template: passwordUpdateSuccess","timestamp":"2024-11-02T13:41:47.503Z"}
{"level":"info","message":"Loaded email template: resetPassword","timestamp":"2024-11-02T13:41:47.504Z"}
{"level":"info","message":"Loaded email template: test","timestamp":"2024-11-02T13:41:47.504Z"}
{"level":"info","message":"Loaded email template: verifyEmail","timestamp":"2024-11-02T13:41:47.505Z"}
{"level":"info","message":"Loaded email template: welcome","timestamp":"2024-11-02T13:41:47.506Z"}
{"code":"EAUTH","command":"API","level":"error","message":"Failed to create email transporter: Missing credentials for \"PLAIN\"","stack":"Error: Missing credentials for \"PLAIN\"\n    at SMTPConnection._formatError (C:\\Users\\saved\\OneDrive\\Documents\\PROJECTS 101\\cop-abudhabi\\backend\\node_modules\\nodemailer\\lib\\smtp-connection\\index.js:807:19)\n    at SMTPConnection.login (C:\\Users\\saved\\OneDrive\\Documents\\PROJECTS 101\\cop-abudhabi\\backend\\node_modules\\nodemailer\\lib\\smtp-connection\\index.js:452:38)\n    at C:\\Users\\saved\\OneDrive\\Documents\\PROJECTS 101\\cop-abudhabi\\backend\\node_modules\\nodemailer\\lib\\smtp-transport\\index.js:375:32\n    at SMTPConnection.<anonymous> (C:\\Users\\saved\\OneDrive\\Documents\\PROJECTS 101\\cop-abudhabi\\backend\\node_modules\\nodemailer\\lib\\smtp-connection\\index.js:215:17)\n    at Object.onceWrapper (node:events:633:28)\n    at SMTPConnection.emit (node:events:519:28)\n    at SMTPConnection.emit (node:domain:488:12)\n    at SMTPConnection._actionEHLO (C:\\Users\\saved\\OneDrive\\Documents\\PROJECTS 101\\cop-abudhabi\\backend\\node_modules\\nodemailer\\lib\\smtp-connection\\index.js:1369:14)\n    at SMTPConnection._processResponse (C:\\Users\\saved\\OneDrive\\Documents\\PROJECTS 101\\cop-abudhabi\\backend\\node_modules\\nodemailer\\lib\\smtp-connection\\index.js:991:20)\n    at SMTPConnection._onData (C:\\Users\\saved\\OneDrive\\Documents\\PROJECTS 101\\cop-abudhabi\\backend\\node_modules\\nodemailer\\lib\\smtp-connection\\index.js:772:14)","timestamp":"2024-11-02T13:41:49.172Z"}
{"level":"error","message":"Email service initialization attempt 2 failed:","timestamp":"2024-11-02T13:41:49.175Z"}
{"level":"info","message":"Retrying initialization in 2000ms...","timestamp":"2024-11-02T13:41:49.176Z"}
{"level":"info","message":"Loaded email template: passwordResetSuccess","timestamp":"2024-11-02T13:41:51.188Z"}
{"level":"info","message":"Loaded email template: passwordUpdateSuccess","timestamp":"2024-11-02T13:41:51.189Z"}
{"level":"info","message":"Loaded email template: resetPassword","timestamp":"2024-11-02T13:41:51.189Z"}
{"level":"info","message":"Loaded email template: test","timestamp":"2024-11-02T13:41:51.189Z"}
{"level":"info","message":"Loaded email template: verifyEmail","timestamp":"2024-11-02T13:41:51.190Z"}
{"level":"info","message":"Loaded email template: welcome","timestamp":"2024-11-02T13:41:51.190Z"}
{"code":"EAUTH","command":"API","level":"error","message":"Failed to create email transporter: Missing credentials for \"PLAIN\"","stack":"Error: Missing credentials for \"PLAIN\"\n    at SMTPConnection._formatError (C:\\Users\\saved\\OneDrive\\Documents\\PROJECTS 101\\cop-abudhabi\\backend\\node_modules\\nodemailer\\lib\\smtp-connection\\index.js:807:19)\n    at SMTPConnection.login (C:\\Users\\saved\\OneDrive\\Documents\\PROJECTS 101\\cop-abudhabi\\backend\\node_modules\\nodemailer\\lib\\smtp-connection\\index.js:452:38)\n    at C:\\Users\\saved\\OneDrive\\Documents\\PROJECTS 101\\cop-abudhabi\\backend\\node_modules\\nodemailer\\lib\\smtp-transport\\index.js:375:32\n    at SMTPConnection.<anonymous> (C:\\Users\\saved\\OneDrive\\Documents\\PROJECTS 101\\cop-abudhabi\\backend\\node_modules\\nodemailer\\lib\\smtp-connection\\index.js:215:17)\n    at Object.onceWrapper (node:events:633:28)\n    at SMTPConnection.emit (node:events:519:28)\n    at SMTPConnection.emit (node:domain:488:12)\n    at SMTPConnection._actionEHLO (C:\\Users\\saved\\OneDrive\\Documents\\PROJECTS 101\\cop-abudhabi\\backend\\node_modules\\nodemailer\\lib\\smtp-connection\\index.js:1369:14)\n    at SMTPConnection._processResponse (C:\\Users\\saved\\OneDrive\\Documents\\PROJECTS 101\\cop-abudhabi\\backend\\node_modules\\nodemailer\\lib\\smtp-connection\\index.js:991:20)\n    at SMTPConnection._onData (C:\\Users\\saved\\OneDrive\\Documents\\PROJECTS 101\\cop-abudhabi\\backend\\node_modules\\nodemailer\\lib\\smtp-connection\\index.js:772:14)","timestamp":"2024-11-02T13:41:52.970Z"}
{"level":"error","message":"Email service initialization attempt 3 failed:","timestamp":"2024-11-02T13:41:52.972Z"}
{"level":"error","message":"Email service initialization failed: Email service initialization failed after multiple attempts","stack":"Error: Email service initialization failed after multiple attempts\n    at EmailService.<anonymous> (C:\\Users\\saved\\OneDrive\\Documents\\PROJECTS 101\\cop-abudhabi\\backend\\src\\services\\emailService.ts:63:13)\n    at Generator.throw (<anonymous>)\n    at rejected (C:\\Users\\saved\\OneDrive\\Documents\\PROJECTS 101\\cop-abudhabi\\backend\\src\\services\\emailService.ts:6:65)\n    at processTicksAndRejections (node:internal/process/task_queues:95:5)","timestamp":"2024-11-02T13:41:52.975Z"}
{"level":"info","message":"Loaded email template: passwordResetSuccess","timestamp":"2024-11-02T13:42:24.009Z"}
{"level":"info","message":"Loaded email template: passwordUpdateSuccess","timestamp":"2024-11-02T13:42:24.026Z"}
{"level":"info","message":"Loaded email template: resetPassword","timestamp":"2024-11-02T13:42:24.028Z"}
{"level":"info","message":"Loaded email template: test","timestamp":"2024-11-02T13:42:24.028Z"}
{"level":"info","message":"Loaded email template: verifyEmail","timestamp":"2024-11-02T13:42:24.029Z"}
{"level":"info","message":"Loaded email template: welcome","timestamp":"2024-11-02T13:42:24.030Z"}
{"level":"info","message":"Connected to MongoDB","timestamp":"2024-11-02T13:42:25.067Z"}
{"level":"info","message":"Server running on port 5000","timestamp":"2024-11-02T13:42:25.073Z"}
{"level":"info","message":"Connected to MongoDB","timestamp":"2024-11-02T13:42:25.468Z"}
{"code":"EAUTH","command":"API","level":"error","message":"Failed to create email transporter: Missing credentials for \"PLAIN\"","stack":"Error: Missing credentials for \"PLAIN\"\n    at SMTPConnection._formatError (C:\\Users\\saved\\OneDrive\\Documents\\PROJECTS 101\\cop-abudhabi\\backend\\node_modules\\nodemailer\\lib\\smtp-connection\\index.js:807:19)\n    at SMTPConnection.login (C:\\Users\\saved\\OneDrive\\Documents\\PROJECTS 101\\cop-abudhabi\\backend\\node_modules\\nodemailer\\lib\\smtp-connection\\index.js:452:38)\n    at C:\\Users\\saved\\OneDrive\\Documents\\PROJECTS 101\\cop-abudhabi\\backend\\node_modules\\nodemailer\\lib\\smtp-transport\\index.js:375:32\n    at SMTPConnection.<anonymous> (C:\\Users\\saved\\OneDrive\\Documents\\PROJECTS 101\\cop-abudhabi\\backend\\node_modules\\nodemailer\\lib\\smtp-connection\\index.js:215:17)\n    at Object.onceWrapper (node:events:633:28)\n    at SMTPConnection.emit (node:events:519:28)\n    at SMTPConnection.emit (node:domain:488:12)\n    at SMTPConnection._actionEHLO (C:\\Users\\saved\\OneDrive\\Documents\\PROJECTS 101\\cop-abudhabi\\backend\\node_modules\\nodemailer\\lib\\smtp-connection\\index.js:1369:14)\n    at SMTPConnection._processResponse (C:\\Users\\saved\\OneDrive\\Documents\\PROJECTS 101\\cop-abudhabi\\backend\\node_modules\\nodemailer\\lib\\smtp-connection\\index.js:991:20)\n    at SMTPConnection._onData (C:\\Users\\saved\\OneDrive\\Documents\\PROJECTS 101\\cop-abudhabi\\backend\\node_modules\\nodemailer\\lib\\smtp-connection\\index.js:772:14)","timestamp":"2024-11-02T13:42:26.802Z"}
{"level":"error","message":"Email service initialization attempt 1 failed:","timestamp":"2024-11-02T13:42:26.805Z"}
{"level":"info","message":"Retrying initialization in 1000ms...","timestamp":"2024-11-02T13:42:26.806Z"}
{"level":"info","message":"Loaded email template: passwordResetSuccess","timestamp":"2024-11-02T13:42:27.811Z"}
{"level":"info","message":"Loaded email template: passwordUpdateSuccess","timestamp":"2024-11-02T13:42:27.812Z"}
{"level":"info","message":"Loaded email template: resetPassword","timestamp":"2024-11-02T13:42:27.816Z"}
{"level":"info","message":"Loaded email template: test","timestamp":"2024-11-02T13:42:27.817Z"}
{"level":"info","message":"Loaded email template: verifyEmail","timestamp":"2024-11-02T13:42:27.818Z"}
{"level":"info","message":"Loaded email template: welcome","timestamp":"2024-11-02T13:42:27.819Z"}
{"code":"EAUTH","command":"API","level":"error","message":"Failed to create email transporter: Missing credentials for \"PLAIN\"","stack":"Error: Missing credentials for \"PLAIN\"\n    at SMTPConnection._formatError (C:\\Users\\saved\\OneDrive\\Documents\\PROJECTS 101\\cop-abudhabi\\backend\\node_modules\\nodemailer\\lib\\smtp-connection\\index.js:807:19)\n    at SMTPConnection.login (C:\\Users\\saved\\OneDrive\\Documents\\PROJECTS 101\\cop-abudhabi\\backend\\node_modules\\nodemailer\\lib\\smtp-connection\\index.js:452:38)\n    at C:\\Users\\saved\\OneDrive\\Documents\\PROJECTS 101\\cop-abudhabi\\backend\\node_modules\\nodemailer\\lib\\smtp-transport\\index.js:375:32\n    at SMTPConnection.<anonymous> (C:\\Users\\saved\\OneDrive\\Documents\\PROJECTS 101\\cop-abudhabi\\backend\\node_modules\\nodemailer\\lib\\smtp-connection\\index.js:215:17)\n    at Object.onceWrapper (node:events:633:28)\n    at SMTPConnection.emit (node:events:519:28)\n    at SMTPConnection.emit (node:domain:488:12)\n    at SMTPConnection._actionEHLO (C:\\Users\\saved\\OneDrive\\Documents\\PROJECTS 101\\cop-abudhabi\\backend\\node_modules\\nodemailer\\lib\\smtp-connection\\index.js:1369:14)\n    at SMTPConnection._processResponse (C:\\Users\\saved\\OneDrive\\Documents\\PROJECTS 101\\cop-abudhabi\\backend\\node_modules\\nodemailer\\lib\\smtp-connection\\index.js:991:20)\n    at SMTPConnection._onData (C:\\Users\\saved\\OneDrive\\Documents\\PROJECTS 101\\cop-abudhabi\\backend\\node_modules\\nodemailer\\lib\\smtp-connection\\index.js:772:14)","timestamp":"2024-11-02T13:42:29.758Z"}
{"level":"error","message":"Email service initialization attempt 2 failed:","timestamp":"2024-11-02T13:42:29.760Z"}
{"level":"info","message":"Retrying initialization in 2000ms...","timestamp":"2024-11-02T13:42:29.761Z"}
{"level":"info","message":"Loaded email template: passwordResetSuccess","timestamp":"2024-11-02T13:42:31.772Z"}
{"level":"info","message":"Loaded email template: passwordUpdateSuccess","timestamp":"2024-11-02T13:42:31.773Z"}
{"level":"info","message":"Loaded email template: resetPassword","timestamp":"2024-11-02T13:42:31.774Z"}
{"level":"info","message":"Loaded email template: test","timestamp":"2024-11-02T13:42:31.774Z"}
{"level":"info","message":"Loaded email template: verifyEmail","timestamp":"2024-11-02T13:42:31.775Z"}
{"level":"info","message":"Loaded email template: welcome","timestamp":"2024-11-02T13:42:31.775Z"}
{"code":"EAUTH","command":"API","level":"error","message":"Failed to create email transporter: Missing credentials for \"PLAIN\"","stack":"Error: Missing credentials for \"PLAIN\"\n    at SMTPConnection._formatError (C:\\Users\\saved\\OneDrive\\Documents\\PROJECTS 101\\cop-abudhabi\\backend\\node_modules\\nodemailer\\lib\\smtp-connection\\index.js:807:19)\n    at SMTPConnection.login (C:\\Users\\saved\\OneDrive\\Documents\\PROJECTS 101\\cop-abudhabi\\backend\\node_modules\\nodemailer\\lib\\smtp-connection\\index.js:452:38)\n    at C:\\Users\\saved\\OneDrive\\Documents\\PROJECTS 101\\cop-abudhabi\\backend\\node_modules\\nodemailer\\lib\\smtp-transport\\index.js:375:32\n    at SMTPConnection.<anonymous> (C:\\Users\\saved\\OneDrive\\Documents\\PROJECTS 101\\cop-abudhabi\\backend\\node_modules\\nodemailer\\lib\\smtp-connection\\index.js:215:17)\n    at Object.onceWrapper (node:events:633:28)\n    at SMTPConnection.emit (node:events:519:28)\n    at SMTPConnection.emit (node:domain:488:12)\n    at SMTPConnection._actionEHLO (C:\\Users\\saved\\OneDrive\\Documents\\PROJECTS 101\\cop-abudhabi\\backend\\node_modules\\nodemailer\\lib\\smtp-connection\\index.js:1369:14)\n    at SMTPConnection._processResponse (C:\\Users\\saved\\OneDrive\\Documents\\PROJECTS 101\\cop-abudhabi\\backend\\node_modules\\nodemailer\\lib\\smtp-connection\\index.js:991:20)\n    at SMTPConnection._onData (C:\\Users\\saved\\OneDrive\\Documents\\PROJECTS 101\\cop-abudhabi\\backend\\node_modules\\nodemailer\\lib\\smtp-connection\\index.js:772:14)","timestamp":"2024-11-02T13:42:33.508Z"}
{"level":"error","message":"Email service initialization attempt 3 failed:","timestamp":"2024-11-02T13:42:33.513Z"}
{"level":"error","message":"Email service initialization failed: Email service initialization failed after multiple attempts","stack":"Error: Email service initialization failed after multiple attempts\n    at EmailService.<anonymous> (C:\\Users\\saved\\OneDrive\\Documents\\PROJECTS 101\\cop-abudhabi\\backend\\src\\services\\emailService.ts:63:13)\n    at Generator.throw (<anonymous>)\n    at rejected (C:\\Users\\saved\\OneDrive\\Documents\\PROJECTS 101\\cop-abudhabi\\backend\\src\\services\\emailService.ts:6:65)\n    at processTicksAndRejections (node:internal/process/task_queues:95:5)","timestamp":"2024-11-02T13:42:33.516Z"}
{"level":"info","message":"Loaded email template: passwordResetSuccess","timestamp":"2024-11-02T13:42:55.867Z"}
{"level":"info","message":"Loaded email template: passwordUpdateSuccess","timestamp":"2024-11-02T13:42:55.889Z"}
{"level":"info","message":"Loaded email template: resetPassword","timestamp":"2024-11-02T13:42:55.890Z"}
{"level":"info","message":"Loaded email template: test","timestamp":"2024-11-02T13:42:55.891Z"}
{"level":"info","message":"Loaded email template: verifyEmail","timestamp":"2024-11-02T13:42:55.892Z"}
{"level":"info","message":"Loaded email template: welcome","timestamp":"2024-11-02T13:42:55.892Z"}
{"level":"info","message":"Connected to MongoDB","timestamp":"2024-11-02T13:42:56.878Z"}
{"level":"info","message":"Server running on port 5000","timestamp":"2024-11-02T13:42:56.885Z"}
{"level":"info","message":"Connected to MongoDB","timestamp":"2024-11-02T13:42:57.438Z"}
{"code":"EAUTH","command":"API","level":"error","message":"Failed to create email transporter: Missing credentials for \"PLAIN\"","stack":"Error: Missing credentials for \"PLAIN\"\n    at SMTPConnection._formatError (C:\\Users\\saved\\OneDrive\\Documents\\PROJECTS 101\\cop-abudhabi\\backend\\node_modules\\nodemailer\\lib\\smtp-connection\\index.js:807:19)\n    at SMTPConnection.login (C:\\Users\\saved\\OneDrive\\Documents\\PROJECTS 101\\cop-abudhabi\\backend\\node_modules\\nodemailer\\lib\\smtp-connection\\index.js:452:38)\n    at C:\\Users\\saved\\OneDrive\\Documents\\PROJECTS 101\\cop-abudhabi\\backend\\node_modules\\nodemailer\\lib\\smtp-transport\\index.js:375:32\n    at SMTPConnection.<anonymous> (C:\\Users\\saved\\OneDrive\\Documents\\PROJECTS 101\\cop-abudhabi\\backend\\node_modules\\nodemailer\\lib\\smtp-connection\\index.js:215:17)\n    at Object.onceWrapper (node:events:633:28)\n    at SMTPConnection.emit (node:events:519:28)\n    at SMTPConnection.emit (node:domain:488:12)\n    at SMTPConnection._actionEHLO (C:\\Users\\saved\\OneDrive\\Documents\\PROJECTS 101\\cop-abudhabi\\backend\\node_modules\\nodemailer\\lib\\smtp-connection\\index.js:1369:14)\n    at SMTPConnection._processResponse (C:\\Users\\saved\\OneDrive\\Documents\\PROJECTS 101\\cop-abudhabi\\backend\\node_modules\\nodemailer\\lib\\smtp-connection\\index.js:991:20)\n    at SMTPConnection._onData (C:\\Users\\saved\\OneDrive\\Documents\\PROJECTS 101\\cop-abudhabi\\backend\\node_modules\\nodemailer\\lib\\smtp-connection\\index.js:772:14)","timestamp":"2024-11-02T13:42:58.611Z"}
{"level":"error","message":"Email service initialization attempt 1 failed:","timestamp":"2024-11-02T13:42:58.614Z"}
{"level":"info","message":"Retrying initialization in 1000ms...","timestamp":"2024-11-02T13:42:58.615Z"}
{"level":"info","message":"Loaded email template: passwordResetSuccess","timestamp":"2024-11-02T13:42:59.624Z"}
{"level":"info","message":"Loaded email template: passwordUpdateSuccess","timestamp":"2024-11-02T13:42:59.625Z"}
{"level":"info","message":"Loaded email template: resetPassword","timestamp":"2024-11-02T13:42:59.626Z"}
{"level":"info","message":"Loaded email template: test","timestamp":"2024-11-02T13:42:59.626Z"}
{"level":"info","message":"Loaded email template: verifyEmail","timestamp":"2024-11-02T13:42:59.627Z"}
{"level":"info","message":"Loaded email template: welcome","timestamp":"2024-11-02T13:42:59.627Z"}
{"code":"EAUTH","command":"API","level":"error","message":"Failed to create email transporter: Missing credentials for \"PLAIN\"","stack":"Error: Missing credentials for \"PLAIN\"\n    at SMTPConnection._formatError (C:\\Users\\saved\\OneDrive\\Documents\\PROJECTS 101\\cop-abudhabi\\backend\\node_modules\\nodemailer\\lib\\smtp-connection\\index.js:807:19)\n    at SMTPConnection.login (C:\\Users\\saved\\OneDrive\\Documents\\PROJECTS 101\\cop-abudhabi\\backend\\node_modules\\nodemailer\\lib\\smtp-connection\\index.js:452:38)\n    at C:\\Users\\saved\\OneDrive\\Documents\\PROJECTS 101\\cop-abudhabi\\backend\\node_modules\\nodemailer\\lib\\smtp-transport\\index.js:375:32\n    at SMTPConnection.<anonymous> (C:\\Users\\saved\\OneDrive\\Documents\\PROJECTS 101\\cop-abudhabi\\backend\\node_modules\\nodemailer\\lib\\smtp-connection\\index.js:215:17)\n    at Object.onceWrapper (node:events:633:28)\n    at SMTPConnection.emit (node:events:519:28)\n    at SMTPConnection.emit (node:domain:488:12)\n    at SMTPConnection._actionEHLO (C:\\Users\\saved\\OneDrive\\Documents\\PROJECTS 101\\cop-abudhabi\\backend\\node_modules\\nodemailer\\lib\\smtp-connection\\index.js:1369:14)\n    at SMTPConnection._processResponse (C:\\Users\\saved\\OneDrive\\Documents\\PROJECTS 101\\cop-abudhabi\\backend\\node_modules\\nodemailer\\lib\\smtp-connection\\index.js:991:20)\n    at SMTPConnection._onData (C:\\Users\\saved\\OneDrive\\Documents\\PROJECTS 101\\cop-abudhabi\\backend\\node_modules\\nodemailer\\lib\\smtp-connection\\index.js:772:14)","timestamp":"2024-11-02T13:43:01.305Z"}
{"level":"error","message":"Email service initialization attempt 2 failed:","timestamp":"2024-11-02T13:43:01.307Z"}
{"level":"info","message":"Retrying initialization in 2000ms...","timestamp":"2024-11-02T13:43:01.307Z"}
{"level":"info","message":"Loaded email template: passwordResetSuccess","timestamp":"2024-11-02T13:43:03.316Z"}
{"level":"info","message":"Loaded email template: passwordUpdateSuccess","timestamp":"2024-11-02T13:43:03.317Z"}
{"level":"info","message":"Loaded email template: resetPassword","timestamp":"2024-11-02T13:43:03.318Z"}
{"level":"info","message":"Loaded email template: test","timestamp":"2024-11-02T13:43:03.318Z"}
{"level":"info","message":"Loaded email template: verifyEmail","timestamp":"2024-11-02T13:43:03.318Z"}
{"level":"info","message":"Loaded email template: welcome","timestamp":"2024-11-02T13:43:03.319Z"}
{"code":"EAUTH","command":"API","level":"error","message":"Failed to create email transporter: Missing credentials for \"PLAIN\"","stack":"Error: Missing credentials for \"PLAIN\"\n    at SMTPConnection._formatError (C:\\Users\\saved\\OneDrive\\Documents\\PROJECTS 101\\cop-abudhabi\\backend\\node_modules\\nodemailer\\lib\\smtp-connection\\index.js:807:19)\n    at SMTPConnection.login (C:\\Users\\saved\\OneDrive\\Documents\\PROJECTS 101\\cop-abudhabi\\backend\\node_modules\\nodemailer\\lib\\smtp-connection\\index.js:452:38)\n    at C:\\Users\\saved\\OneDrive\\Documents\\PROJECTS 101\\cop-abudhabi\\backend\\node_modules\\nodemailer\\lib\\smtp-transport\\index.js:375:32\n    at SMTPConnection.<anonymous> (C:\\Users\\saved\\OneDrive\\Documents\\PROJECTS 101\\cop-abudhabi\\backend\\node_modules\\nodemailer\\lib\\smtp-connection\\index.js:215:17)\n    at Object.onceWrapper (node:events:633:28)\n    at SMTPConnection.emit (node:events:519:28)\n    at SMTPConnection.emit (node:domain:488:12)\n    at SMTPConnection._actionEHLO (C:\\Users\\saved\\OneDrive\\Documents\\PROJECTS 101\\cop-abudhabi\\backend\\node_modules\\nodemailer\\lib\\smtp-connection\\index.js:1369:14)\n    at SMTPConnection._processResponse (C:\\Users\\saved\\OneDrive\\Documents\\PROJECTS 101\\cop-abudhabi\\backend\\node_modules\\nodemailer\\lib\\smtp-connection\\index.js:991:20)\n    at SMTPConnection._onData (C:\\Users\\saved\\OneDrive\\Documents\\PROJECTS 101\\cop-abudhabi\\backend\\node_modules\\nodemailer\\lib\\smtp-connection\\index.js:772:14)","timestamp":"2024-11-02T13:43:05.244Z"}
{"level":"error","message":"Email service initialization attempt 3 failed:","timestamp":"2024-11-02T13:43:05.245Z"}
{"level":"error","message":"Email service initialization failed: Email service initialization failed after multiple attempts","stack":"Error: Email service initialization failed after multiple attempts\n    at EmailService.<anonymous> (C:\\Users\\saved\\OneDrive\\Documents\\PROJECTS 101\\cop-abudhabi\\backend\\src\\services\\emailService.ts:63:13)\n    at Generator.throw (<anonymous>)\n    at rejected (C:\\Users\\saved\\OneDrive\\Documents\\PROJECTS 101\\cop-abudhabi\\backend\\src\\services\\emailService.ts:6:65)\n    at processTicksAndRejections (node:internal/process/task_queues:95:5)","timestamp":"2024-11-02T13:43:05.248Z"}
{"level":"info","message":"Loaded email template: passwordResetSuccess","timestamp":"2024-11-02T13:48:40.724Z"}
{"level":"info","message":"Loaded email template: passwordUpdateSuccess","timestamp":"2024-11-02T13:48:40.729Z"}
{"level":"info","message":"Loaded email template: resetPassword","timestamp":"2024-11-02T13:48:40.730Z"}
{"level":"info","message":"Loaded email template: test","timestamp":"2024-11-02T13:48:40.731Z"}
{"level":"info","message":"Loaded email template: verifyEmail","timestamp":"2024-11-02T13:48:40.731Z"}
{"level":"info","message":"Loaded email template: welcome","timestamp":"2024-11-02T13:48:40.732Z"}
{"level":"info","message":"Connected to MongoDB","timestamp":"2024-11-02T13:48:41.567Z"}
{"level":"info","message":"Server running on port 5000","timestamp":"2024-11-02T13:48:41.572Z"}
{"level":"info","message":"Connected to MongoDB","timestamp":"2024-11-02T13:48:42.106Z"}
{"code":"EAUTH","command":"API","level":"error","message":"Failed to create email transporter: Missing credentials for \"PLAIN\"","stack":"Error: Missing credentials for \"PLAIN\"\n    at SMTPConnection._formatError (C:\\Users\\saved\\OneDrive\\Documents\\PROJECTS 101\\cop-abudhabi\\backend\\node_modules\\nodemailer\\lib\\smtp-connection\\index.js:807:19)\n    at SMTPConnection.login (C:\\Users\\saved\\OneDrive\\Documents\\PROJECTS 101\\cop-abudhabi\\backend\\node_modules\\nodemailer\\lib\\smtp-connection\\index.js:452:38)\n    at C:\\Users\\saved\\OneDrive\\Documents\\PROJECTS 101\\cop-abudhabi\\backend\\node_modules\\nodemailer\\lib\\smtp-transport\\index.js:375:32\n    at SMTPConnection.<anonymous> (C:\\Users\\saved\\OneDrive\\Documents\\PROJECTS 101\\cop-abudhabi\\backend\\node_modules\\nodemailer\\lib\\smtp-connection\\index.js:215:17)\n    at Object.onceWrapper (node:events:633:28)\n    at SMTPConnection.emit (node:events:519:28)\n    at SMTPConnection.emit (node:domain:488:12)\n    at SMTPConnection._actionEHLO (C:\\Users\\saved\\OneDrive\\Documents\\PROJECTS 101\\cop-abudhabi\\backend\\node_modules\\nodemailer\\lib\\smtp-connection\\index.js:1369:14)\n    at SMTPConnection._processResponse (C:\\Users\\saved\\OneDrive\\Documents\\PROJECTS 101\\cop-abudhabi\\backend\\node_modules\\nodemailer\\lib\\smtp-connection\\index.js:991:20)\n    at SMTPConnection._onData (C:\\Users\\saved\\OneDrive\\Documents\\PROJECTS 101\\cop-abudhabi\\backend\\node_modules\\nodemailer\\lib\\smtp-connection\\index.js:772:14)","timestamp":"2024-11-02T13:48:43.446Z"}
{"level":"error","message":"Email service initialization attempt 1 failed:","timestamp":"2024-11-02T13:48:43.452Z"}
{"level":"info","message":"Retrying initialization in 1000ms...","timestamp":"2024-11-02T13:48:43.453Z"}
{"level":"info","message":"Loaded email template: passwordResetSuccess","timestamp":"2024-11-02T13:48:44.463Z"}
{"level":"info","message":"Loaded email template: passwordUpdateSuccess","timestamp":"2024-11-02T13:48:44.465Z"}
{"level":"info","message":"Loaded email template: resetPassword","timestamp":"2024-11-02T13:48:44.467Z"}
{"level":"info","message":"Loaded email template: test","timestamp":"2024-11-02T13:48:44.470Z"}
{"level":"info","message":"Loaded email template: verifyEmail","timestamp":"2024-11-02T13:48:44.471Z"}
{"level":"info","message":"Loaded email template: welcome","timestamp":"2024-11-02T13:48:44.473Z"}
{"code":"EAUTH","command":"API","level":"error","message":"Failed to create email transporter: Missing credentials for \"PLAIN\"","stack":"Error: Missing credentials for \"PLAIN\"\n    at SMTPConnection._formatError (C:\\Users\\saved\\OneDrive\\Documents\\PROJECTS 101\\cop-abudhabi\\backend\\node_modules\\nodemailer\\lib\\smtp-connection\\index.js:807:19)\n    at SMTPConnection.login (C:\\Users\\saved\\OneDrive\\Documents\\PROJECTS 101\\cop-abudhabi\\backend\\node_modules\\nodemailer\\lib\\smtp-connection\\index.js:452:38)\n    at C:\\Users\\saved\\OneDrive\\Documents\\PROJECTS 101\\cop-abudhabi\\backend\\node_modules\\nodemailer\\lib\\smtp-transport\\index.js:375:32\n    at SMTPConnection.<anonymous> (C:\\Users\\saved\\OneDrive\\Documents\\PROJECTS 101\\cop-abudhabi\\backend\\node_modules\\nodemailer\\lib\\smtp-connection\\index.js:215:17)\n    at Object.onceWrapper (node:events:633:28)\n    at SMTPConnection.emit (node:events:519:28)\n    at SMTPConnection.emit (node:domain:488:12)\n    at SMTPConnection._actionEHLO (C:\\Users\\saved\\OneDrive\\Documents\\PROJECTS 101\\cop-abudhabi\\backend\\node_modules\\nodemailer\\lib\\smtp-connection\\index.js:1369:14)\n    at SMTPConnection._processResponse (C:\\Users\\saved\\OneDrive\\Documents\\PROJECTS 101\\cop-abudhabi\\backend\\node_modules\\nodemailer\\lib\\smtp-connection\\index.js:991:20)\n    at SMTPConnection._onData (C:\\Users\\saved\\OneDrive\\Documents\\PROJECTS 101\\cop-abudhabi\\backend\\node_modules\\nodemailer\\lib\\smtp-connection\\index.js:772:14)","timestamp":"2024-11-02T13:48:46.153Z"}
{"level":"error","message":"Email service initialization attempt 2 failed:","timestamp":"2024-11-02T13:48:46.157Z"}
{"level":"info","message":"Retrying initialization in 2000ms...","timestamp":"2024-11-02T13:48:46.158Z"}
{"level":"info","message":"Loaded email template: passwordResetSuccess","timestamp":"2024-11-02T13:48:48.167Z"}
{"level":"info","message":"Loaded email template: passwordUpdateSuccess","timestamp":"2024-11-02T13:48:48.168Z"}
{"level":"info","message":"Loaded email template: resetPassword","timestamp":"2024-11-02T13:48:48.169Z"}
{"level":"info","message":"Loaded email template: test","timestamp":"2024-11-02T13:48:48.171Z"}
{"level":"info","message":"Loaded email template: verifyEmail","timestamp":"2024-11-02T13:48:48.171Z"}
{"level":"info","message":"Loaded email template: welcome","timestamp":"2024-11-02T13:48:48.172Z"}
{"code":"EAUTH","command":"API","level":"error","message":"Failed to create email transporter: Missing credentials for \"PLAIN\"","stack":"Error: Missing credentials for \"PLAIN\"\n    at SMTPConnection._formatError (C:\\Users\\saved\\OneDrive\\Documents\\PROJECTS 101\\cop-abudhabi\\backend\\node_modules\\nodemailer\\lib\\smtp-connection\\index.js:807:19)\n    at SMTPConnection.login (C:\\Users\\saved\\OneDrive\\Documents\\PROJECTS 101\\cop-abudhabi\\backend\\node_modules\\nodemailer\\lib\\smtp-connection\\index.js:452:38)\n    at C:\\Users\\saved\\OneDrive\\Documents\\PROJECTS 101\\cop-abudhabi\\backend\\node_modules\\nodemailer\\lib\\smtp-transport\\index.js:375:32\n    at SMTPConnection.<anonymous> (C:\\Users\\saved\\OneDrive\\Documents\\PROJECTS 101\\cop-abudhabi\\backend\\node_modules\\nodemailer\\lib\\smtp-connection\\index.js:215:17)\n    at Object.onceWrapper (node:events:633:28)\n    at SMTPConnection.emit (node:events:519:28)\n    at SMTPConnection.emit (node:domain:488:12)\n    at SMTPConnection._actionEHLO (C:\\Users\\saved\\OneDrive\\Documents\\PROJECTS 101\\cop-abudhabi\\backend\\node_modules\\nodemailer\\lib\\smtp-connection\\index.js:1369:14)\n    at SMTPConnection._processResponse (C:\\Users\\saved\\OneDrive\\Documents\\PROJECTS 101\\cop-abudhabi\\backend\\node_modules\\nodemailer\\lib\\smtp-connection\\index.js:991:20)\n    at SMTPConnection._onData (C:\\Users\\saved\\OneDrive\\Documents\\PROJECTS 101\\cop-abudhabi\\backend\\node_modules\\nodemailer\\lib\\smtp-connection\\index.js:772:14)","timestamp":"2024-11-02T13:48:49.866Z"}
{"level":"error","message":"Email service initialization attempt 3 failed:","timestamp":"2024-11-02T13:48:49.869Z"}
{"level":"error","message":"Email service initialization failed: Email service initialization failed after multiple attempts","stack":"Error: Email service initialization failed after multiple attempts\n    at EmailService.<anonymous> (C:\\Users\\saved\\OneDrive\\Documents\\PROJECTS 101\\cop-abudhabi\\backend\\src\\services\\emailService.ts:63:13)\n    at Generator.throw (<anonymous>)\n    at rejected (C:\\Users\\saved\\OneDrive\\Documents\\PROJECTS 101\\cop-abudhabi\\backend\\src\\services\\emailService.ts:6:65)\n    at processTicksAndRejections (node:internal/process/task_queues:95:5)","timestamp":"2024-11-02T13:48:49.873Z"}
{"level":"info","message":"Loaded email template: passwordResetSuccess","timestamp":"2024-11-02T13:52:16.041Z"}
{"level":"info","message":"Loaded email template: passwordUpdateSuccess","timestamp":"2024-11-02T13:52:16.058Z"}
{"level":"info","message":"Loaded email template: resetPassword","timestamp":"2024-11-02T13:52:16.062Z"}
{"level":"info","message":"Loaded email template: test","timestamp":"2024-11-02T13:52:16.064Z"}
{"level":"info","message":"Loaded email template: verifyEmail","timestamp":"2024-11-02T13:52:16.066Z"}
{"level":"info","message":"Loaded email template: welcome","timestamp":"2024-11-02T13:52:16.068Z"}
{"level":"info","message":"Connected to MongoDB","timestamp":"2024-11-02T13:52:18.613Z"}
{"level":"info","message":"Server running on port 5000","timestamp":"2024-11-02T13:52:18.690Z"}
{"config":{"body":"<<REDACTED> - See `errorRedactor` option in `gaxios` for configuration>.","data":"<<REDACTED> - See `errorRedactor` option in `gaxios` for configuration>.","headers":{"Content-Type":"application/x-www-form-urlencoded","User-Agent":"google-api-nodejs-client/9.14.2","x-goog-api-client":"gl-node/20.18.0"},"method":"POST","responseType":"unknown","retry":true,"retryConfig":{"currentRetryAttempt":0,"httpMethodsToRetry":["GET","PUT","POST","HEAD","OPTIONS","DELETE"],"maxRetryDelay":9007199254740991,"noResponseRetries":2,"retry":3,"retryDelayMultiplier":2,"statusCodesToRetry":[[100,199],[408,408],[429,429],[500,599]],"timeOfFirstRequest":1730555539030,"totalTimeout":9007199254740991},"url":"https://oauth2.googleapis.com/token"},"level":"error","message":"Failed to create email transporter: unauthorized_client","response":{"config":{"body":"<<REDACTED> - See `errorRedactor` option in `gaxios` for configuration>.","data":"<<REDACTED> - See `errorRedactor` option in `gaxios` for configuration>.","headers":{"Content-Type":"application/x-www-form-urlencoded","User-Agent":"google-api-nodejs-client/9.14.2","x-goog-api-client":"gl-node/20.18.0"},"method":"POST","responseType":"unknown","retry":true,"retryConfig":{"httpMethodsToRetry":["GET","PUT","POST","HEAD","OPTIONS","DELETE"]},"url":"https://oauth2.googleapis.com/token"},"data":{"error":"unauthorized_client","error_description":"Unauthorized"},"headers":{"alt-svc":"h3=\":443\"; ma=2592000,h3-29=\":443\"; ma=2592000","cache-control":"no-cache, no-store, max-age=0, must-revalidate","content-encoding":"gzip","content-type":"application/json; charset=utf-8","date":"Sat, 02 Nov 2024 13:52:18 GMT","expires":"Mon, 01 Jan 1990 00:00:00 GMT","pragma":"no-cache","server":"scaffolding on HTTPServer2","transfer-encoding":"chunked","vary":"Origin, X-Origin, Referer","x-content-type-options":"nosniff","x-frame-options":"SAMEORIGIN","x-xss-protection":"0"},"request":{"responseURL":"https://oauth2.googleapis.com/token"},"status":401,"statusText":"Unauthorized"},"stack":"Error: unauthorized_client\n    at Gaxios._request (C:\\Users\\saved\\OneDrive\\Documents\\PROJECTS 101\\cop-abudhabi\\backend\\node_modules\\gaxios\\src\\gaxios.ts:146:15)\n    at processTicksAndRejections (node:internal/process/task_queues:95:5)\n    at async OAuth2Client.refreshTokenNoCache (C:\\Users\\saved\\OneDrive\\Documents\\PROJECTS 101\\cop-abudhabi\\backend\\node_modules\\google-auth-library\\build\\src\\auth\\oauth2client.js:212:19)\n    at async OAuth2Client.refreshAccessTokenAsync (C:\\Users\\saved\\OneDrive\\Documents\\PROJECTS 101\\cop-abudhabi\\backend\\node_modules\\google-auth-library\\build\\src\\auth\\oauth2client.js:247:19)\n    at async OAuth2Client.getAccessTokenAsync (C:\\Users\\saved\\OneDrive\\Documents\\PROJECTS 101\\cop-abudhabi\\backend\\node_modules\\google-auth-library\\build\\src\\auth\\oauth2client.js:276:23)","status":401,"timestamp":"2024-11-02T13:52:19.040Z"}
{"level":"error","message":"Email service initialization attempt 1 failed:","timestamp":"2024-11-02T13:52:19.049Z"}
{"level":"info","message":"Retrying initialization in 1000ms...","timestamp":"2024-11-02T13:52:19.052Z"}
{"level":"info","message":"Connected to MongoDB","timestamp":"2024-11-02T13:52:19.341Z"}
{"level":"info","message":"Loaded email template: passwordResetSuccess","timestamp":"2024-11-02T13:52:20.064Z"}
{"level":"info","message":"Loaded email template: passwordUpdateSuccess","timestamp":"2024-11-02T13:52:20.065Z"}
{"level":"info","message":"Loaded email template: resetPassword","timestamp":"2024-11-02T13:52:20.066Z"}
{"level":"info","message":"Loaded email template: test","timestamp":"2024-11-02T13:52:20.067Z"}
{"level":"info","message":"Loaded email template: verifyEmail","timestamp":"2024-11-02T13:52:20.068Z"}
{"level":"info","message":"Loaded email template: welcome","timestamp":"2024-11-02T13:52:20.071Z"}
{"config":{"body":"<<REDACTED> - See `errorRedactor` option in `gaxios` for configuration>.","data":"<<REDACTED> - See `errorRedactor` option in `gaxios` for configuration>.","headers":{"Content-Type":"application/x-www-form-urlencoded","User-Agent":"google-api-nodejs-client/9.14.2","x-goog-api-client":"gl-node/20.18.0"},"method":"POST","responseType":"unknown","retry":true,"retryConfig":{"currentRetryAttempt":0,"httpMethodsToRetry":["GET","PUT","POST","HEAD","OPTIONS","DELETE"],"maxRetryDelay":9007199254740991,"noResponseRetries":2,"retry":3,"retryDelayMultiplier":2,"statusCodesToRetry":[[100,199],[408,408],[429,429],[500,599]],"timeOfFirstRequest":1730555540221,"totalTimeout":9007199254740991},"url":"https://oauth2.googleapis.com/token"},"level":"error","message":"Failed to create email transporter: unauthorized_client","response":{"config":{"body":"<<REDACTED> - See `errorRedactor` option in `gaxios` for configuration>.","data":"<<REDACTED> - See `errorRedactor` option in `gaxios` for configuration>.","headers":{"Content-Type":"application/x-www-form-urlencoded","User-Agent":"google-api-nodejs-client/9.14.2","x-goog-api-client":"gl-node/20.18.0"},"method":"POST","responseType":"unknown","retry":true,"retryConfig":{"httpMethodsToRetry":["GET","PUT","POST","HEAD","OPTIONS","DELETE"]},"url":"https://oauth2.googleapis.com/token"},"data":{"error":"unauthorized_client","error_description":"Unauthorized"},"headers":{"alt-svc":"h3=\":443\"; ma=2592000,h3-29=\":443\"; ma=2592000","cache-control":"no-cache, no-store, max-age=0, must-revalidate","content-encoding":"gzip","content-type":"application/json; charset=utf-8","date":"Sat, 02 Nov 2024 13:52:19 GMT","expires":"Mon, 01 Jan 1990 00:00:00 GMT","pragma":"no-cache","server":"scaffolding on HTTPServer2","transfer-encoding":"chunked","vary":"Origin, X-Origin, Referer","x-content-type-options":"nosniff","x-frame-options":"SAMEORIGIN","x-xss-protection":"0"},"request":{"responseURL":"https://oauth2.googleapis.com/token"},"status":401,"statusText":"Unauthorized"},"stack":"Error: unauthorized_client\n    at Gaxios._request (C:\\Users\\saved\\OneDrive\\Documents\\PROJECTS 101\\cop-abudhabi\\backend\\node_modules\\gaxios\\src\\gaxios.ts:146:15)\n    at processTicksAndRejections (node:internal/process/task_queues:95:5)\n    at async OAuth2Client.refreshTokenNoCache (C:\\Users\\saved\\OneDrive\\Documents\\PROJECTS 101\\cop-abudhabi\\backend\\node_modules\\google-auth-library\\build\\src\\auth\\oauth2client.js:212:19)\n    at async OAuth2Client.refreshAccessTokenAsync (C:\\Users\\saved\\OneDrive\\Documents\\PROJECTS 101\\cop-abudhabi\\backend\\node_modules\\google-auth-library\\build\\src\\auth\\oauth2client.js:247:19)\n    at async OAuth2Client.getAccessTokenAsync (C:\\Users\\saved\\OneDrive\\Documents\\PROJECTS 101\\cop-abudhabi\\backend\\node_modules\\google-auth-library\\build\\src\\auth\\oauth2client.js:276:23)","status":401,"timestamp":"2024-11-02T13:52:20.221Z"}
{"level":"error","message":"Email service initialization attempt 2 failed:","timestamp":"2024-11-02T13:52:20.226Z"}
{"level":"info","message":"Retrying initialization in 2000ms...","timestamp":"2024-11-02T13:52:20.227Z"}
{"level":"info","message":"Loaded email template: passwordResetSuccess","timestamp":"2024-11-02T13:52:22.237Z"}
{"level":"info","message":"Loaded email template: passwordUpdateSuccess","timestamp":"2024-11-02T13:52:22.238Z"}
{"level":"info","message":"Loaded email template: resetPassword","timestamp":"2024-11-02T13:52:22.239Z"}
{"level":"info","message":"Loaded email template: test","timestamp":"2024-11-02T13:52:22.240Z"}
{"level":"info","message":"Loaded email template: verifyEmail","timestamp":"2024-11-02T13:52:22.240Z"}
{"level":"info","message":"Loaded email template: welcome","timestamp":"2024-11-02T13:52:22.241Z"}
{"config":{"body":"<<REDACTED> - See `errorRedactor` option in `gaxios` for configuration>.","data":"<<REDACTED> - See `errorRedactor` option in `gaxios` for configuration>.","headers":{"Content-Type":"application/x-www-form-urlencoded","User-Agent":"google-api-nodejs-client/9.14.2","x-goog-api-client":"gl-node/20.18.0"},"method":"POST","responseType":"unknown","retry":true,"retryConfig":{"currentRetryAttempt":0,"httpMethodsToRetry":["GET","PUT","POST","HEAD","OPTIONS","DELETE"],"maxRetryDelay":9007199254740991,"noResponseRetries":2,"retry":3,"retryDelayMultiplier":2,"statusCodesToRetry":[[100,199],[408,408],[429,429],[500,599]],"timeOfFirstRequest":1730555542397,"totalTimeout":9007199254740991},"url":"https://oauth2.googleapis.com/token"},"level":"error","message":"Failed to create email transporter: unauthorized_client","response":{"config":{"body":"<<REDACTED> - See `errorRedactor` option in `gaxios` for configuration>.","data":"<<REDACTED> - See `errorRedactor` option in `gaxios` for configuration>.","headers":{"Content-Type":"application/x-www-form-urlencoded","User-Agent":"google-api-nodejs-client/9.14.2","x-goog-api-client":"gl-node/20.18.0"},"method":"POST","responseType":"unknown","retry":true,"retryConfig":{"httpMethodsToRetry":["GET","PUT","POST","HEAD","OPTIONS","DELETE"]},"url":"https://oauth2.googleapis.com/token"},"data":{"error":"unauthorized_client","error_description":"Unauthorized"},"headers":{"alt-svc":"h3=\":443\"; ma=2592000,h3-29=\":443\"; ma=2592000","cache-control":"no-cache, no-store, max-age=0, must-revalidate","content-encoding":"gzip","content-type":"application/json; charset=utf-8","date":"Sat, 02 Nov 2024 13:52:21 GMT","expires":"Mon, 01 Jan 1990 00:00:00 GMT","pragma":"no-cache","server":"scaffolding on HTTPServer2","transfer-encoding":"chunked","vary":"Origin, X-Origin, Referer","x-content-type-options":"nosniff","x-frame-options":"SAMEORIGIN","x-xss-protection":"0"},"request":{"responseURL":"https://oauth2.googleapis.com/token"},"status":401,"statusText":"Unauthorized"},"stack":"Error: unauthorized_client\n    at Gaxios._request (C:\\Users\\saved\\OneDrive\\Documents\\PROJECTS 101\\cop-abudhabi\\backend\\node_modules\\gaxios\\src\\gaxios.ts:146:15)\n    at processTicksAndRejections (node:internal/process/task_queues:95:5)\n    at async OAuth2Client.refreshTokenNoCache (C:\\Users\\saved\\OneDrive\\Documents\\PROJECTS 101\\cop-abudhabi\\backend\\node_modules\\google-auth-library\\build\\src\\auth\\oauth2client.js:212:19)\n    at async OAuth2Client.refreshAccessTokenAsync (C:\\Users\\saved\\OneDrive\\Documents\\PROJECTS 101\\cop-abudhabi\\backend\\node_modules\\google-auth-library\\build\\src\\auth\\oauth2client.js:247:19)\n    at async OAuth2Client.getAccessTokenAsync (C:\\Users\\saved\\OneDrive\\Documents\\PROJECTS 101\\cop-abudhabi\\backend\\node_modules\\google-auth-library\\build\\src\\auth\\oauth2client.js:276:23)","status":401,"timestamp":"2024-11-02T13:52:22.397Z"}
{"level":"error","message":"Email service initialization attempt 3 failed:","timestamp":"2024-11-02T13:52:22.405Z"}
{"level":"error","message":"Email service initialization failed: Email service initialization failed after multiple attempts","stack":"Error: Email service initialization failed after multiple attempts\n    at EmailService.<anonymous> (C:\\Users\\saved\\OneDrive\\Documents\\PROJECTS 101\\cop-abudhabi\\backend\\src\\services\\emailService.ts:63:13)\n    at Generator.throw (<anonymous>)\n    at rejected (C:\\Users\\saved\\OneDrive\\Documents\\PROJECTS 101\\cop-abudhabi\\backend\\src\\services\\emailService.ts:6:65)\n    at processTicksAndRejections (node:internal/process/task_queues:95:5)","timestamp":"2024-11-02T13:52:22.406Z"}
{"level":"info","message":"Loaded email template: passwordResetSuccess","timestamp":"2024-11-02T14:04:41.667Z"}
{"level":"info","message":"Loaded email template: passwordUpdateSuccess","timestamp":"2024-11-02T14:04:41.673Z"}
{"level":"info","message":"Loaded email template: resetPassword","timestamp":"2024-11-02T14:04:41.674Z"}
{"level":"info","message":"Loaded email template: test","timestamp":"2024-11-02T14:04:41.674Z"}
{"level":"info","message":"Loaded email template: verifyEmail","timestamp":"2024-11-02T14:04:41.675Z"}
{"level":"info","message":"Loaded email template: welcome","timestamp":"2024-11-02T14:04:41.675Z"}
{"level":"info","message":"Connected to MongoDB","timestamp":"2024-11-02T14:04:42.522Z"}
{"level":"info","message":"Server running on port 5000","timestamp":"2024-11-02T14:04:42.589Z"}
{"config":{"body":"<<REDACTED> - See `errorRedactor` option in `gaxios` for configuration>.","data":"<<REDACTED> - See `errorRedactor` option in `gaxios` for configuration>.","headers":{"Content-Type":"application/x-www-form-urlencoded","User-Agent":"google-api-nodejs-client/9.14.2","x-goog-api-client":"gl-node/20.18.0"},"method":"POST","responseType":"unknown","retry":true,"retryConfig":{"currentRetryAttempt":0,"httpMethodsToRetry":["GET","PUT","POST","HEAD","OPTIONS","DELETE"],"maxRetryDelay":9007199254740991,"noResponseRetries":2,"retry":3,"retryDelayMultiplier":2,"statusCodesToRetry":[[100,199],[408,408],[429,429],[500,599]],"timeOfFirstRequest":1730556283035,"totalTimeout":9007199254740991},"url":"https://oauth2.googleapis.com/token"},"level":"error","message":"Failed to create email transporter: unauthorized_client","response":{"config":{"body":"<<REDACTED> - See `errorRedactor` option in `gaxios` for configuration>.","data":"<<REDACTED> - See `errorRedactor` option in `gaxios` for configuration>.","headers":{"Content-Type":"application/x-www-form-urlencoded","User-Agent":"google-api-nodejs-client/9.14.2","x-goog-api-client":"gl-node/20.18.0"},"method":"POST","responseType":"unknown","retry":true,"retryConfig":{"httpMethodsToRetry":["GET","PUT","POST","HEAD","OPTIONS","DELETE"]},"url":"https://oauth2.googleapis.com/token"},"data":{"error":"unauthorized_client","error_description":"Unauthorized"},"headers":{"alt-svc":"h3=\":443\"; ma=2592000,h3-29=\":443\"; ma=2592000","cache-control":"no-cache, no-store, max-age=0, must-revalidate","content-encoding":"gzip","content-type":"application/json; charset=utf-8","date":"Sat, 02 Nov 2024 14:04:42 GMT","expires":"Mon, 01 Jan 1990 00:00:00 GMT","pragma":"no-cache","server":"scaffolding on HTTPServer2","transfer-encoding":"chunked","vary":"Origin, X-Origin, Referer","x-content-type-options":"nosniff","x-frame-options":"SAMEORIGIN","x-xss-protection":"0"},"request":{"responseURL":"https://oauth2.googleapis.com/token"},"status":401,"statusText":"Unauthorized"},"stack":"Error: unauthorized_client\n    at Gaxios._request (C:\\Users\\saved\\OneDrive\\Documents\\PROJECTS 101\\cop-abudhabi\\backend\\node_modules\\gaxios\\src\\gaxios.ts:146:15)\n    at processTicksAndRejections (node:internal/process/task_queues:95:5)\n    at async OAuth2Client.refreshTokenNoCache (C:\\Users\\saved\\OneDrive\\Documents\\PROJECTS 101\\cop-abudhabi\\backend\\node_modules\\google-auth-library\\build\\src\\auth\\oauth2client.js:212:19)\n    at async OAuth2Client.refreshAccessTokenAsync (C:\\Users\\saved\\OneDrive\\Documents\\PROJECTS 101\\cop-abudhabi\\backend\\node_modules\\google-auth-library\\build\\src\\auth\\oauth2client.js:247:19)\n    at async OAuth2Client.getAccessTokenAsync (C:\\Users\\saved\\OneDrive\\Documents\\PROJECTS 101\\cop-abudhabi\\backend\\node_modules\\google-auth-library\\build\\src\\auth\\oauth2client.js:276:23)","status":401,"timestamp":"2024-11-02T14:04:43.038Z"}
{"level":"error","message":"Email service initialization attempt 1 failed:","timestamp":"2024-11-02T14:04:43.042Z"}
{"level":"info","message":"Retrying initialization in 1000ms...","timestamp":"2024-11-02T14:04:43.051Z"}
{"level":"info","message":"Connected to MongoDB","timestamp":"2024-11-02T14:04:43.296Z"}
{"level":"info","message":"Loaded email template: passwordResetSuccess","timestamp":"2024-11-02T14:04:44.069Z"}
{"level":"info","message":"Loaded email template: passwordUpdateSuccess","timestamp":"2024-11-02T14:04:44.071Z"}
{"level":"info","message":"Loaded email template: resetPassword","timestamp":"2024-11-02T14:04:44.072Z"}
{"level":"info","message":"Loaded email template: test","timestamp":"2024-11-02T14:04:44.073Z"}
{"level":"info","message":"Loaded email template: verifyEmail","timestamp":"2024-11-02T14:04:44.073Z"}
{"level":"info","message":"Loaded email template: welcome","timestamp":"2024-11-02T14:04:44.073Z"}
{"config":{"body":"<<REDACTED> - See `errorRedactor` option in `gaxios` for configuration>.","data":"<<REDACTED> - See `errorRedactor` option in `gaxios` for configuration>.","headers":{"Content-Type":"application/x-www-form-urlencoded","User-Agent":"google-api-nodejs-client/9.14.2","x-goog-api-client":"gl-node/20.18.0"},"method":"POST","responseType":"unknown","retry":true,"retryConfig":{"currentRetryAttempt":0,"httpMethodsToRetry":["GET","PUT","POST","HEAD","OPTIONS","DELETE"],"maxRetryDelay":9007199254740991,"noResponseRetries":2,"retry":3,"retryDelayMultiplier":2,"statusCodesToRetry":[[100,199],[408,408],[429,429],[500,599]],"timeOfFirstRequest":1730556284222,"totalTimeout":9007199254740991},"url":"https://oauth2.googleapis.com/token"},"level":"error","message":"Failed to create email transporter: unauthorized_client","response":{"config":{"body":"<<REDACTED> - See `errorRedactor` option in `gaxios` for configuration>.","data":"<<REDACTED> - See `errorRedactor` option in `gaxios` for configuration>.","headers":{"Content-Type":"application/x-www-form-urlencoded","User-Agent":"google-api-nodejs-client/9.14.2","x-goog-api-client":"gl-node/20.18.0"},"method":"POST","responseType":"unknown","retry":true,"retryConfig":{"httpMethodsToRetry":["GET","PUT","POST","HEAD","OPTIONS","DELETE"]},"url":"https://oauth2.googleapis.com/token"},"data":{"error":"unauthorized_client","error_description":"Unauthorized"},"headers":{"alt-svc":"h3=\":443\"; ma=2592000,h3-29=\":443\"; ma=2592000","cache-control":"no-cache, no-store, max-age=0, must-revalidate","content-encoding":"gzip","content-type":"application/json; charset=utf-8","date":"Sat, 02 Nov 2024 14:04:43 GMT","expires":"Mon, 01 Jan 1990 00:00:00 GMT","pragma":"no-cache","server":"scaffolding on HTTPServer2","transfer-encoding":"chunked","vary":"Origin, X-Origin, Referer","x-content-type-options":"nosniff","x-frame-options":"SAMEORIGIN","x-xss-protection":"0"},"request":{"responseURL":"https://oauth2.googleapis.com/token"},"status":401,"statusText":"Unauthorized"},"stack":"Error: unauthorized_client\n    at Gaxios._request (C:\\Users\\saved\\OneDrive\\Documents\\PROJECTS 101\\cop-abudhabi\\backend\\node_modules\\gaxios\\src\\gaxios.ts:146:15)\n    at processTicksAndRejections (node:internal/process/task_queues:95:5)\n    at async OAuth2Client.refreshTokenNoCache (C:\\Users\\saved\\OneDrive\\Documents\\PROJECTS 101\\cop-abudhabi\\backend\\node_modules\\google-auth-library\\build\\src\\auth\\oauth2client.js:212:19)\n    at async OAuth2Client.refreshAccessTokenAsync (C:\\Users\\saved\\OneDrive\\Documents\\PROJECTS 101\\cop-abudhabi\\backend\\node_modules\\google-auth-library\\build\\src\\auth\\oauth2client.js:247:19)\n    at async OAuth2Client.getAccessTokenAsync (C:\\Users\\saved\\OneDrive\\Documents\\PROJECTS 101\\cop-abudhabi\\backend\\node_modules\\google-auth-library\\build\\src\\auth\\oauth2client.js:276:23)","status":401,"timestamp":"2024-11-02T14:04:44.222Z"}
{"level":"error","message":"Email service initialization attempt 2 failed:","timestamp":"2024-11-02T14:04:44.225Z"}
{"level":"info","message":"Retrying initialization in 2000ms...","timestamp":"2024-11-02T14:04:44.226Z"}
{"level":"info","message":"Loaded email template: passwordResetSuccess","timestamp":"2024-11-02T14:04:46.237Z"}
{"level":"info","message":"Loaded email template: passwordUpdateSuccess","timestamp":"2024-11-02T14:04:46.239Z"}
{"level":"info","message":"Loaded email template: resetPassword","timestamp":"2024-11-02T14:04:46.240Z"}
{"level":"info","message":"Loaded email template: test","timestamp":"2024-11-02T14:04:46.241Z"}
{"level":"info","message":"Loaded email template: verifyEmail","timestamp":"2024-11-02T14:04:46.241Z"}
{"level":"info","message":"Loaded email template: welcome","timestamp":"2024-11-02T14:04:46.242Z"}
{"config":{"body":"<<REDACTED> - See `errorRedactor` option in `gaxios` for configuration>.","data":"<<REDACTED> - See `errorRedactor` option in `gaxios` for configuration>.","headers":{"Content-Type":"application/x-www-form-urlencoded","User-Agent":"google-api-nodejs-client/9.14.2","x-goog-api-client":"gl-node/20.18.0"},"method":"POST","responseType":"unknown","retry":true,"retryConfig":{"currentRetryAttempt":0,"httpMethodsToRetry":["GET","PUT","POST","HEAD","OPTIONS","DELETE"],"maxRetryDelay":9007199254740991,"noResponseRetries":2,"retry":3,"retryDelayMultiplier":2,"statusCodesToRetry":[[100,199],[408,408],[429,429],[500,599]],"timeOfFirstRequest":1730556286407,"totalTimeout":9007199254740991},"url":"https://oauth2.googleapis.com/token"},"level":"error","message":"Failed to create email transporter: unauthorized_client","response":{"config":{"body":"<<REDACTED> - See `errorRedactor` option in `gaxios` for configuration>.","data":"<<REDACTED> - See `errorRedactor` option in `gaxios` for configuration>.","headers":{"Content-Type":"application/x-www-form-urlencoded","User-Agent":"google-api-nodejs-client/9.14.2","x-goog-api-client":"gl-node/20.18.0"},"method":"POST","responseType":"unknown","retry":true,"retryConfig":{"httpMethodsToRetry":["GET","PUT","POST","HEAD","OPTIONS","DELETE"]},"url":"https://oauth2.googleapis.com/token"},"data":{"error":"unauthorized_client","error_description":"Unauthorized"},"headers":{"alt-svc":"h3=\":443\"; ma=2592000,h3-29=\":443\"; ma=2592000","cache-control":"no-cache, no-store, max-age=0, must-revalidate","content-encoding":"gzip","content-type":"application/json; charset=utf-8","date":"Sat, 02 Nov 2024 14:04:45 GMT","expires":"Mon, 01 Jan 1990 00:00:00 GMT","pragma":"no-cache","server":"scaffolding on HTTPServer2","transfer-encoding":"chunked","vary":"Origin, X-Origin, Referer","x-content-type-options":"nosniff","x-frame-options":"SAMEORIGIN","x-xss-protection":"0"},"request":{"responseURL":"https://oauth2.googleapis.com/token"},"status":401,"statusText":"Unauthorized"},"stack":"Error: unauthorized_client\n    at Gaxios._request (C:\\Users\\saved\\OneDrive\\Documents\\PROJECTS 101\\cop-abudhabi\\backend\\node_modules\\gaxios\\src\\gaxios.ts:146:15)\n    at processTicksAndRejections (node:internal/process/task_queues:95:5)\n    at async OAuth2Client.refreshTokenNoCache (C:\\Users\\saved\\OneDrive\\Documents\\PROJECTS 101\\cop-abudhabi\\backend\\node_modules\\google-auth-library\\build\\src\\auth\\oauth2client.js:212:19)\n    at async OAuth2Client.refreshAccessTokenAsync (C:\\Users\\saved\\OneDrive\\Documents\\PROJECTS 101\\cop-abudhabi\\backend\\node_modules\\google-auth-library\\build\\src\\auth\\oauth2client.js:247:19)\n    at async OAuth2Client.getAccessTokenAsync (C:\\Users\\saved\\OneDrive\\Documents\\PROJECTS 101\\cop-abudhabi\\backend\\node_modules\\google-auth-library\\build\\src\\auth\\oauth2client.js:276:23)","status":401,"timestamp":"2024-11-02T14:04:46.408Z"}
{"level":"error","message":"Email service initialization attempt 3 failed:","timestamp":"2024-11-02T14:04:46.411Z"}
{"level":"error","message":"Email service initialization failed: Email service initialization failed after multiple attempts","stack":"Error: Email service initialization failed after multiple attempts\n    at EmailService.<anonymous> (C:\\Users\\saved\\OneDrive\\Documents\\PROJECTS 101\\cop-abudhabi\\backend\\src\\services\\emailService.ts:63:13)\n    at Generator.throw (<anonymous>)\n    at rejected (C:\\Users\\saved\\OneDrive\\Documents\\PROJECTS 101\\cop-abudhabi\\backend\\src\\services\\emailService.ts:6:65)\n    at processTicksAndRejections (node:internal/process/task_queues:95:5)","timestamp":"2024-11-02T14:04:46.413Z"}
{"level":"info","message":"Loaded email template: passwordResetSuccess","timestamp":"2024-11-02T14:09:05.908Z"}
{"level":"info","message":"Loaded email template: passwordUpdateSuccess","timestamp":"2024-11-02T14:09:05.913Z"}
{"level":"info","message":"Loaded email template: resetPassword","timestamp":"2024-11-02T14:09:05.914Z"}
{"level":"info","message":"Loaded email template: test","timestamp":"2024-11-02T14:09:05.914Z"}
{"level":"info","message":"Loaded email template: verifyEmail","timestamp":"2024-11-02T14:09:05.915Z"}
{"level":"info","message":"Loaded email template: welcome","timestamp":"2024-11-02T14:09:05.916Z"}
{"level":"info","message":"Connected to MongoDB","timestamp":"2024-11-02T14:09:06.603Z"}
{"level":"info","message":"Server running on port 5000","timestamp":"2024-11-02T14:09:06.609Z"}
{"level":"info","message":"Connected to MongoDB","timestamp":"2024-11-02T14:09:07.599Z"}
{"level":"info","message":"Email transporter created successfully","timestamp":"2024-11-02T14:09:07.841Z"}
{"level":"info","message":"Email service initialized successfully","timestamp":"2024-11-02T14:09:07.843Z"}
{"level":"info","message":"Email sent successfully to ikesonoffei54@gmail.com","timestamp":"2024-11-02T14:09:41.360Z"}
{"level":"info","message":"Email sent successfully to ikesonoffei54@gmail.com","timestamp":"2024-11-02T14:13:14.545Z"}
{"level":"info","message":"Loaded email template: passwordResetSuccess","timestamp":"2024-11-02T14:14:02.436Z"}
{"level":"info","message":"Loaded email template: passwordUpdateSuccess","timestamp":"2024-11-02T14:14:02.443Z"}
{"level":"info","message":"Loaded email template: resetPassword","timestamp":"2024-11-02T14:14:02.444Z"}
{"level":"info","message":"Loaded email template: test","timestamp":"2024-11-02T14:14:02.445Z"}
{"level":"info","message":"Loaded email template: verifyEmail","timestamp":"2024-11-02T14:14:02.446Z"}
{"level":"info","message":"Loaded email template: welcome","timestamp":"2024-11-02T14:14:02.446Z"}
{"level":"info","message":"Connected to MongoDB","timestamp":"2024-11-02T14:14:03.574Z"}
{"level":"info","message":"Server running on port 5000","timestamp":"2024-11-02T14:14:03.579Z"}
{"level":"info","message":"Connected to MongoDB","timestamp":"2024-11-02T14:14:04.303Z"}
{"code":"EAUTH","command":"AUTH PLAIN","level":"error","message":"Failed to create email transporter: Invalid login: 535-5.7.8 Username and Password not accepted. For more information, go to\n535 5.7.8  https://support.google.com/mail/?p=BadCredentials 5b1f17b1804b1-4327d685278sm95598375e9.36 - gsmtp","response":"535-5.7.8 Username and Password not accepted. For more information, go to\n535 5.7.8  https://support.google.com/mail/?p=BadCredentials 5b1f17b1804b1-4327d685278sm95598375e9.36 - gsmtp","responseCode":535,"stack":"Error: Invalid login: 535-5.7.8 Username and Password not accepted. For more information, go to\n535 5.7.8  https://support.google.com/mail/?p=BadCredentials 5b1f17b1804b1-4327d685278sm95598375e9.36 - gsmtp\n    at SMTPConnection._formatError (C:\\Users\\saved\\OneDrive\\Documents\\PROJECTS 101\\cop-abudhabi\\backend\\node_modules\\nodemailer\\lib\\smtp-connection\\index.js:807:19)\n    at SMTPConnection._actionAUTHComplete (C:\\Users\\saved\\OneDrive\\Documents\\PROJECTS 101\\cop-abudhabi\\backend\\node_modules\\nodemailer\\lib\\smtp-connection\\index.js:1586:34)\n    at SMTPConnection.<anonymous> (C:\\Users\\saved\\OneDrive\\Documents\\PROJECTS 101\\cop-abudhabi\\backend\\node_modules\\nodemailer\\lib\\smtp-connection\\index.js:554:26)\n    at SMTPConnection._processResponse (C:\\Users\\saved\\OneDrive\\Documents\\PROJECTS 101\\cop-abudhabi\\backend\\node_modules\\nodemailer\\lib\\smtp-connection\\index.js:991:20)\n    at SMTPConnection._onData (C:\\Users\\saved\\OneDrive\\Documents\\PROJECTS 101\\cop-abudhabi\\backend\\node_modules\\nodemailer\\lib\\smtp-connection\\index.js:772:14)\n    at TLSSocket.SMTPConnection._onSocketData (C:\\Users\\saved\\OneDrive\\Documents\\PROJECTS 101\\cop-abudhabi\\backend\\node_modules\\nodemailer\\lib\\smtp-connection\\index.js:195:44)\n    at TLSSocket.emit (node:events:519:28)\n    at TLSSocket.emit (node:domain:488:12)\n    at addChunk (node:internal/streams/readable:559:12)\n    at readableAddChunkPushByteMode (node:internal/streams/readable:510:3)","timestamp":"2024-11-02T14:14:04.374Z"}
{"level":"error","message":"Email service initialization attempt 1 failed:","timestamp":"2024-11-02T14:14:04.379Z"}
{"level":"info","message":"Retrying initialization in 1000ms...","timestamp":"2024-11-02T14:14:04.379Z"}
{"level":"info","message":"Loaded email template: passwordResetSuccess","timestamp":"2024-11-02T14:14:05.393Z"}
{"level":"info","message":"Loaded email template: passwordUpdateSuccess","timestamp":"2024-11-02T14:14:05.394Z"}
{"level":"info","message":"Loaded email template: resetPassword","timestamp":"2024-11-02T14:14:05.395Z"}
{"level":"info","message":"Loaded email template: test","timestamp":"2024-11-02T14:14:05.395Z"}
{"level":"info","message":"Loaded email template: verifyEmail","timestamp":"2024-11-02T14:14:05.396Z"}
{"level":"info","message":"Loaded email template: welcome","timestamp":"2024-11-02T14:14:05.396Z"}
{"code":"EAUTH","command":"AUTH PLAIN","level":"error","message":"Failed to create email transporter: Invalid login: 535-5.7.8 Username and Password not accepted. For more information, go to\n535 5.7.8  https://support.google.com/mail/?p=BadCredentials ffacd0b85a97d-381c113e89csm8252093f8f.74 - gsmtp","response":"535-5.7.8 Username and Password not accepted. For more information, go to\n535 5.7.8  https://support.google.com/mail/?p=BadCredentials ffacd0b85a97d-381c113e89csm8252093f8f.74 - gsmtp","responseCode":535,"stack":"Error: Invalid login: 535-5.7.8 Username and Password not accepted. For more information, go to\n535 5.7.8  https://support.google.com/mail/?p=BadCredentials ffacd0b85a97d-381c113e89csm8252093f8f.74 - gsmtp\n    at SMTPConnection._formatError (C:\\Users\\saved\\OneDrive\\Documents\\PROJECTS 101\\cop-abudhabi\\backend\\node_modules\\nodemailer\\lib\\smtp-connection\\index.js:807:19)\n    at SMTPConnection._actionAUTHComplete (C:\\Users\\saved\\OneDrive\\Documents\\PROJECTS 101\\cop-abudhabi\\backend\\node_modules\\nodemailer\\lib\\smtp-connection\\index.js:1586:34)\n    at SMTPConnection.<anonymous> (C:\\Users\\saved\\OneDrive\\Documents\\PROJECTS 101\\cop-abudhabi\\backend\\node_modules\\nodemailer\\lib\\smtp-connection\\index.js:554:26)\n    at SMTPConnection._processResponse (C:\\Users\\saved\\OneDrive\\Documents\\PROJECTS 101\\cop-abudhabi\\backend\\node_modules\\nodemailer\\lib\\smtp-connection\\index.js:991:20)\n    at SMTPConnection._onData (C:\\Users\\saved\\OneDrive\\Documents\\PROJECTS 101\\cop-abudhabi\\backend\\node_modules\\nodemailer\\lib\\smtp-connection\\index.js:772:14)\n    at TLSSocket.SMTPConnection._onSocketData (C:\\Users\\saved\\OneDrive\\Documents\\PROJECTS 101\\cop-abudhabi\\backend\\node_modules\\nodemailer\\lib\\smtp-connection\\index.js:195:44)\n    at TLSSocket.emit (node:events:519:28)\n    at TLSSocket.emit (node:domain:488:12)\n    at addChunk (node:internal/streams/readable:559:12)\n    at readableAddChunkPushByteMode (node:internal/streams/readable:510:3)","timestamp":"2024-11-02T14:14:06.022Z"}
{"level":"error","message":"Email service initialization attempt 2 failed:","timestamp":"2024-11-02T14:14:06.024Z"}
{"level":"info","message":"Retrying initialization in 2000ms...","timestamp":"2024-11-02T14:14:06.024Z"}
{"level":"info","message":"Loaded email template: passwordResetSuccess","timestamp":"2024-11-02T14:14:08.036Z"}
{"level":"info","message":"Loaded email template: passwordUpdateSuccess","timestamp":"2024-11-02T14:14:08.038Z"}
{"level":"info","message":"Loaded email template: resetPassword","timestamp":"2024-11-02T14:14:08.038Z"}
{"level":"info","message":"Loaded email template: test","timestamp":"2024-11-02T14:14:08.039Z"}
{"level":"info","message":"Loaded email template: verifyEmail","timestamp":"2024-11-02T14:14:08.039Z"}
{"level":"info","message":"Loaded email template: welcome","timestamp":"2024-11-02T14:14:08.040Z"}
{"code":"EAUTH","command":"AUTH PLAIN","level":"error","message":"Failed to create email transporter: Invalid login: 535-5.7.8 Username and Password not accepted. For more information, go to\n535 5.7.8  https://support.google.com/mail/?p=BadCredentials 5b1f17b1804b1-4327d5c65b8sm94717455e9.18 - gsmtp","response":"535-5.7.8 Username and Password not accepted. For more information, go to\n535 5.7.8  https://support.google.com/mail/?p=BadCredentials 5b1f17b1804b1-4327d5c65b8sm94717455e9.18 - gsmtp","responseCode":535,"stack":"Error: Invalid login: 535-5.7.8 Username and Password not accepted. For more information, go to\n535 5.7.8  https://support.google.com/mail/?p=BadCredentials 5b1f17b1804b1-4327d5c65b8sm94717455e9.18 - gsmtp\n    at SMTPConnection._formatError (C:\\Users\\saved\\OneDrive\\Documents\\PROJECTS 101\\cop-abudhabi\\backend\\node_modules\\nodemailer\\lib\\smtp-connection\\index.js:807:19)\n    at SMTPConnection._actionAUTHComplete (C:\\Users\\saved\\OneDrive\\Documents\\PROJECTS 101\\cop-abudhabi\\backend\\node_modules\\nodemailer\\lib\\smtp-connection\\index.js:1586:34)\n    at SMTPConnection.<anonymous> (C:\\Users\\saved\\OneDrive\\Documents\\PROJECTS 101\\cop-abudhabi\\backend\\node_modules\\nodemailer\\lib\\smtp-connection\\index.js:554:26)\n    at SMTPConnection._processResponse (C:\\Users\\saved\\OneDrive\\Documents\\PROJECTS 101\\cop-abudhabi\\backend\\node_modules\\nodemailer\\lib\\smtp-connection\\index.js:991:20)\n    at SMTPConnection._onData (C:\\Users\\saved\\OneDrive\\Documents\\PROJECTS 101\\cop-abudhabi\\backend\\node_modules\\nodemailer\\lib\\smtp-connection\\index.js:772:14)\n    at TLSSocket.SMTPConnection._onSocketData (C:\\Users\\saved\\OneDrive\\Documents\\PROJECTS 101\\cop-abudhabi\\backend\\node_modules\\nodemailer\\lib\\smtp-connection\\index.js:195:44)\n    at TLSSocket.emit (node:events:519:28)\n    at TLSSocket.emit (node:domain:488:12)\n    at addChunk (node:internal/streams/readable:559:12)\n    at readableAddChunkPushByteMode (node:internal/streams/readable:510:3)","timestamp":"2024-11-02T14:14:08.701Z"}
{"level":"error","message":"Email service initialization attempt 3 failed:","timestamp":"2024-11-02T14:14:08.706Z"}
{"level":"error","message":"Email service initialization failed: Email service initialization failed after multiple attempts","stack":"Error: Email service initialization failed after multiple attempts\n    at EmailService.<anonymous> (C:\\Users\\saved\\OneDrive\\Documents\\PROJECTS 101\\cop-abudhabi\\backend\\src\\services\\emailService.ts:63:13)\n    at Generator.throw (<anonymous>)\n    at rejected (C:\\Users\\saved\\OneDrive\\Documents\\PROJECTS 101\\cop-abudhabi\\backend\\src\\services\\emailService.ts:6:65)\n    at processTicksAndRejections (node:internal/process/task_queues:95:5)","timestamp":"2024-11-02T14:14:08.709Z"}
{"level":"info","message":"Loaded email template: eventRegistration","timestamp":"2024-11-02T14:15:16.741Z"}
{"level":"info","message":"Loaded email template: passwordResetSuccess","timestamp":"2024-11-02T14:15:16.751Z"}
{"level":"info","message":"Loaded email template: passwordUpdateSuccess","timestamp":"2024-11-02T14:15:16.752Z"}
{"level":"info","message":"Loaded email template: resetPassword","timestamp":"2024-11-02T14:15:16.753Z"}
{"level":"info","message":"Loaded email template: test","timestamp":"2024-11-02T14:15:16.753Z"}
{"level":"info","message":"Loaded email template: verifyEmail","timestamp":"2024-11-02T14:15:16.754Z"}
{"level":"info","message":"Loaded email template: welcome","timestamp":"2024-11-02T14:15:16.755Z"}
{"level":"info","message":"Connected to MongoDB","timestamp":"2024-11-02T14:15:17.810Z"}
{"level":"info","message":"Server running on port 5000","timestamp":"2024-11-02T14:15:17.816Z"}
{"level":"info","message":"Connected to MongoDB","timestamp":"2024-11-02T14:15:18.614Z"}
{"level":"info","message":"Email transporter created successfully","timestamp":"2024-11-02T14:15:18.630Z"}
{"level":"info","message":"Email service initialized successfully","timestamp":"2024-11-02T14:15:18.631Z"}
{"level":"info","message":"Loaded email template: eventRegistration","timestamp":"2024-11-02T14:17:12.029Z"}
{"level":"info","message":"Loaded email template: passwordResetSuccess","timestamp":"2024-11-02T14:17:12.045Z"}
{"level":"info","message":"Loaded email template: passwordUpdateSuccess","timestamp":"2024-11-02T14:17:12.047Z"}
{"level":"info","message":"Loaded email template: resetPassword","timestamp":"2024-11-02T14:17:12.049Z"}
{"level":"info","message":"Loaded email template: test","timestamp":"2024-11-02T14:17:12.051Z"}
{"level":"info","message":"Loaded email template: verifyEmail","timestamp":"2024-11-02T14:17:12.052Z"}
{"level":"info","message":"Loaded email template: welcome","timestamp":"2024-11-02T14:17:12.054Z"}
{"level":"info","message":"Connected to MongoDB","timestamp":"2024-11-02T14:17:13.618Z"}
{"level":"info","message":"Server running on port 5000","timestamp":"2024-11-02T14:17:13.625Z"}
{"level":"info","message":"Connected to MongoDB","timestamp":"2024-11-02T14:17:14.277Z"}
{"level":"info","message":"Email transporter created successfully","timestamp":"2024-11-02T14:17:14.556Z"}
{"level":"info","message":"Email service initialized successfully","timestamp":"2024-11-02T14:17:14.557Z"}
{"level":"info","message":"Loaded email template: eventRegistration","timestamp":"2024-11-02T14:18:08.534Z"}
{"level":"info","message":"Loaded email template: passwordResetSuccess","timestamp":"2024-11-02T14:18:08.539Z"}
{"level":"info","message":"Loaded email template: passwordUpdateSuccess","timestamp":"2024-11-02T14:18:08.541Z"}
{"level":"info","message":"Loaded email template: resetPassword","timestamp":"2024-11-02T14:18:08.541Z"}
{"level":"info","message":"Loaded email template: test","timestamp":"2024-11-02T14:18:08.542Z"}
{"level":"info","message":"Loaded email template: verifyEmail","timestamp":"2024-11-02T14:18:08.543Z"}
{"level":"info","message":"Loaded email template: welcome","timestamp":"2024-11-02T14:18:08.543Z"}
{"level":"info","message":"Connected to MongoDB","timestamp":"2024-11-02T14:18:09.650Z"}
{"level":"info","message":"Server running on port 5000","timestamp":"2024-11-02T14:18:09.655Z"}
{"level":"info","message":"Connected to MongoDB","timestamp":"2024-11-02T14:18:10.019Z"}
{"level":"info","message":"Email transporter created successfully","timestamp":"2024-11-02T14:18:10.416Z"}
{"level":"info","message":"Email service initialized successfully","timestamp":"2024-11-02T14:18:10.417Z"}
{"level":"info","message":"Email sent successfully to ikesonoffei54@gmail.com","timestamp":"2024-11-02T14:18:43.810Z"}
{"level":"info","message":"Loaded email template: eventRegistration","timestamp":"2024-11-02T14:26:32.812Z"}
{"level":"info","message":"Loaded email template: newsletter","timestamp":"2024-11-02T14:26:32.840Z"}
{"level":"info","message":"Loaded email template: passwordResetSuccess","timestamp":"2024-11-02T14:26:32.841Z"}
{"level":"info","message":"Loaded email template: passwordUpdateSuccess","timestamp":"2024-11-02T14:26:32.842Z"}
{"level":"info","message":"Loaded email template: resetPassword","timestamp":"2024-11-02T14:26:32.843Z"}
{"level":"info","message":"Loaded email template: test","timestamp":"2024-11-02T14:26:32.844Z"}
{"level":"info","message":"Loaded email template: verifyEmail","timestamp":"2024-11-02T14:26:32.844Z"}
{"level":"info","message":"Loaded email template: welcome","timestamp":"2024-11-02T14:26:32.845Z"}
{"level":"info","message":"Connected to MongoDB","timestamp":"2024-11-02T14:26:33.598Z"}
{"level":"info","message":"Server running on port 5000","timestamp":"2024-11-02T14:26:33.603Z"}
{"level":"info","message":"Connected to MongoDB","timestamp":"2024-11-02T14:26:34.191Z"}
{"level":"info","message":"Email transporter created successfully","timestamp":"2024-11-02T14:26:34.553Z"}
{"level":"info","message":"Email service initialized successfully","timestamp":"2024-11-02T14:26:34.554Z"}
{"level":"info","message":"Email sent successfully to ikesonoffei54@gmail.com","timestamp":"2024-11-02T14:26:48.057Z"}
{"level":"info","message":"Loaded email template: eventRegistration","timestamp":"2024-11-02T14:30:45.381Z"}
{"level":"info","message":"Loaded email template: newsletter","timestamp":"2024-11-02T14:30:45.394Z"}
{"level":"info","message":"Loaded email template: notification","timestamp":"2024-11-02T14:30:45.394Z"}
{"level":"info","message":"Loaded email template: passwordResetSuccess","timestamp":"2024-11-02T14:30:45.395Z"}
{"level":"info","message":"Loaded email template: passwordUpdateSuccess","timestamp":"2024-11-02T14:30:45.395Z"}
{"level":"info","message":"Loaded email template: resetPassword","timestamp":"2024-11-02T14:30:45.396Z"}
{"level":"info","message":"Loaded email template: test","timestamp":"2024-11-02T14:30:45.396Z"}
{"level":"info","message":"Loaded email template: verifyEmail","timestamp":"2024-11-02T14:30:45.397Z"}
{"level":"info","message":"Loaded email template: welcome","timestamp":"2024-11-02T14:30:45.397Z"}
{"level":"info","message":"Connected to MongoDB","timestamp":"2024-11-02T14:30:46.161Z"}
{"level":"info","message":"Server running on port 5000","timestamp":"2024-11-02T14:30:46.166Z"}
{"level":"info","message":"Connected to MongoDB","timestamp":"2024-11-02T14:30:46.786Z"}
{"level":"info","message":"Email transporter created successfully","timestamp":"2024-11-02T14:30:47.014Z"}
{"level":"info","message":"Email service initialized successfully","timestamp":"2024-11-02T14:30:47.015Z"}
{"level":"info","message":"Email sent successfully to ikesonoffei54@gmail.com","timestamp":"2024-11-02T14:31:09.479Z"}
{"level":"info","message":"Loaded email template: eventRegistration","timestamp":"2024-11-02T14:37:02.977Z"}
{"level":"info","message":"Loaded email template: newsletter","timestamp":"2024-11-02T14:37:03.006Z"}
{"level":"info","message":"Loaded email template: notification","timestamp":"2024-11-02T14:37:03.008Z"}
{"level":"info","message":"Loaded email template: passwordResetSuccess","timestamp":"2024-11-02T14:37:03.009Z"}
{"level":"info","message":"Loaded email template: passwordUpdateSuccess","timestamp":"2024-11-02T14:37:03.011Z"}
{"level":"info","message":"Loaded email template: resetPassword","timestamp":"2024-11-02T14:37:03.013Z"}
{"level":"info","message":"Loaded email template: test","timestamp":"2024-11-02T14:37:03.014Z"}
{"level":"info","message":"Loaded email template: verifyEmail","timestamp":"2024-11-02T14:37:03.015Z"}
{"level":"info","message":"Loaded email template: welcome","timestamp":"2024-11-02T14:37:03.016Z"}
{"level":"info","message":"Connected to MongoDB","timestamp":"2024-11-02T14:37:04.710Z"}
{"level":"info","message":"Server running on port 5000","timestamp":"2024-11-02T14:37:04.718Z"}
{"level":"info","message":"Email transporter created successfully","timestamp":"2024-11-02T14:37:07.164Z"}
{"level":"info","message":"Email service initialized successfully","timestamp":"2024-11-02T14:37:07.174Z"}
{"level":"info","message":"Connected to MongoDB","timestamp":"2024-11-02T14:37:07.954Z"}
{"level":"info","message":"Loaded email template: eventRegistration","timestamp":"2024-11-02T14:44:01.425Z"}
{"level":"info","message":"Loaded email template: newsletter","timestamp":"2024-11-02T14:44:01.439Z"}
{"level":"info","message":"Loaded email template: notification","timestamp":"2024-11-02T14:44:01.439Z"}
{"level":"info","message":"Loaded email template: passwordResetSuccess","timestamp":"2024-11-02T14:44:01.443Z"}
{"level":"info","message":"Loaded email template: passwordUpdateSuccess","timestamp":"2024-11-02T14:44:01.444Z"}
{"level":"info","message":"Loaded email template: resetPassword","timestamp":"2024-11-02T14:44:01.445Z"}
{"level":"info","message":"Loaded email template: test","timestamp":"2024-11-02T14:44:01.446Z"}
{"level":"info","message":"Loaded email template: verifyEmail","timestamp":"2024-11-02T14:44:01.447Z"}
{"level":"info","message":"Loaded email template: welcome","timestamp":"2024-11-02T14:44:01.448Z"}
{"level":"info","message":"Connected to MongoDB","timestamp":"2024-11-02T14:44:02.324Z"}
{"level":"info","message":"Server running on port 5000","timestamp":"2024-11-02T14:44:02.330Z"}
{"level":"info","message":"Connected to MongoDB","timestamp":"2024-11-02T14:44:02.931Z"}
{"level":"info","message":"Email transporter created successfully","timestamp":"2024-11-02T14:44:03.350Z"}
{"level":"info","message":"Email service initialized successfully","timestamp":"2024-11-02T14:44:03.351Z"}
{"level":"info","message":"Loaded email template: eventRegistration","timestamp":"2024-11-02T14:54:25.397Z"}
{"level":"info","message":"Loaded email template: newsletter","timestamp":"2024-11-02T14:54:25.442Z"}
{"level":"info","message":"Loaded email template: notification","timestamp":"2024-11-02T14:54:25.444Z"}
{"level":"info","message":"Loaded email template: passwordResetSuccess","timestamp":"2024-11-02T14:54:25.452Z"}
{"level":"info","message":"Loaded email template: passwordUpdateSuccess","timestamp":"2024-11-02T14:54:25.455Z"}
{"level":"info","message":"Loaded email template: resetPassword","timestamp":"2024-11-02T14:54:25.458Z"}
{"level":"info","message":"Loaded email template: test","timestamp":"2024-11-02T14:54:25.463Z"}
{"level":"info","message":"Loaded email template: verifyEmail","timestamp":"2024-11-02T14:54:25.464Z"}
{"level":"info","message":"Loaded email template: welcome","timestamp":"2024-11-02T14:54:25.466Z"}
{"level":"info","message":"Connected to MongoDB","timestamp":"2024-11-02T14:54:26.864Z"}
{"level":"info","message":"Server running on port 5000","timestamp":"2024-11-02T14:54:26.870Z"}
{"level":"info","message":"Connected to MongoDB","timestamp":"2024-11-02T14:54:27.370Z"}
{"level":"info","message":"Email transporter created successfully","timestamp":"2024-11-02T14:54:27.882Z"}
{"level":"info","message":"Email service initialized successfully","timestamp":"2024-11-02T14:54:27.883Z"}
{"level":"info","message":"Loaded email template: eventRegistration","timestamp":"2024-11-02T14:56:40.062Z"}
{"level":"info","message":"Loaded email template: newsletter","timestamp":"2024-11-02T14:56:40.094Z"}
{"level":"info","message":"Loaded email template: notification","timestamp":"2024-11-02T14:56:40.096Z"}
{"level":"info","message":"Loaded email template: passwordResetSuccess","timestamp":"2024-11-02T14:56:40.097Z"}
{"level":"info","message":"Loaded email template: passwordUpdateSuccess","timestamp":"2024-11-02T14:56:40.099Z"}
{"level":"info","message":"Loaded email template: resetPassword","timestamp":"2024-11-02T14:56:40.101Z"}
{"level":"info","message":"Loaded email template: test","timestamp":"2024-11-02T14:56:40.102Z"}
{"level":"info","message":"Loaded email template: verifyEmail","timestamp":"2024-11-02T14:56:40.103Z"}
{"level":"info","message":"Loaded email template: welcome","timestamp":"2024-11-02T14:56:40.105Z"}
{"level":"info","message":"Connected to MongoDB","timestamp":"2024-11-02T14:56:41.647Z"}
{"level":"info","message":"Server running on port 5000","timestamp":"2024-11-02T14:56:41.657Z"}
{"level":"info","message":"Connected to MongoDB","timestamp":"2024-11-02T14:56:42.173Z"}
{"level":"info","message":"Email transporter created successfully","timestamp":"2024-11-02T14:56:42.549Z"}
{"level":"info","message":"Email service initialized successfully","timestamp":"2024-11-02T14:56:42.550Z"}
